[ 33%] Built target offboard_ctrl_gencfg
[35m[1mScanning dependencies of target offboard_ctrl[0m
[ 66%] [32mBuilding CXX object CMakeFiles/offboard_ctrl.dir/src/offboard_ctrl.cpp.o[0m
[01m[K/home/hojin/drone_ws2/mavros_ws/src/mavros/offboard_ctrl/src/offboard_ctrl.cpp:[m[K In constructor ‘[01m[KOffboardFSM::OffboardFSM(const ros::NodeHandle&, const ros::NodeHandle&)[m[K’:
[01m[K/home/hojin/drone_ws2/mavros_ws/src/mavros/offboard_ctrl/src/offboard_ctrl.cpp:24:116:[m[K [01;31m[Kerror: [m[Kno matching function for call to ‘[01m[Kros::NodeHandle::subscribe<quadrotor_msgs::PositionCommand>(const char [9], int, void (OffboardFSM::*)(const SO3CommandConstPtr&), OffboardFSM*)[m[K’
     pos_cmd_sub = nh_.subscribe<quadrotor_msgs::PositionCommand>("/so3_cmd", 10, &OffboardFSM::poseCmdCallback,this[01;31m[K)[m[K;
                                                                                                                    [01;31m[K^[m[K
In file included from [01m[K/opt/ros/melodic/include/ros/ros.h:45:0[m[K,
                 from [01m[K/home/hojin/drone_ws2/mavros_ws/src/mavros/offboard_ctrl/include/offboard_ctrl.h:1[m[K,
                 from [01m[K/home/hojin/drone_ws2/mavros_ws/src/mavros/offboard_ctrl/src/offboard_ctrl.cpp:5[m[K:
[01m[K/opt/ros/melodic/include/ros/node_handle.h:402:14:[m[K [01;36m[Knote: [m[Kcandidate: template<class M, class T> ros::Subscriber ros::NodeHandle::subscribe(const string&, uint32_t, void (T::*)(M), T*, const ros::TransportHints&)
   Subscriber [01;36m[Ksubscribe[m[K(const std::string& topic, uint32_t queue_size, void(T::*fp)(M), T* obj,
              [01;36m[K^~~~~~~~~[m[K
[01m[K/opt/ros/melodic/include/ros/node_handle.h:402:14:[m[K [01;36m[Knote: [m[K  template argument deduction/substitution failed:
[01m[K/home/hojin/drone_ws2/mavros_ws/src/mavros/offboard_ctrl/src/offboard_ctrl.cpp:24:116:[m[K [01;36m[Knote: [m[K  mismatched types ‘[01m[Kquadrotor_msgs::PositionCommand_<std::allocator<void> >[m[K’ and ‘[01m[Kconst SO3CommandConstPtr& {aka const boost::shared_ptr<const quadrotor_msgs::SO3Command_<std::allocator<void> > >&}[m[K’
     pos_cmd_sub = nh_.subscribe<quadrotor_msgs::PositionCommand>("/so3_cmd", 10, &OffboardFSM::poseCmdCallback,this[01;36m[K)[m[K;
                                                                                                                    [01;36m[K^[m[K
In file included from [01m[K/opt/ros/melodic/include/ros/ros.h:45:0[m[K,
                 from [01m[K/home/hojin/drone_ws2/mavros_ws/src/mavros/offboard_ctrl/include/offboard_ctrl.h:1[m[K,
                 from [01m[K/home/hojin/drone_ws2/mavros_ws/src/mavros/offboard_ctrl/src/offboard_ctrl.cpp:5[m[K:
[01m[K/opt/ros/melodic/include/ros/node_handle.h:413:14:[m[K [01;36m[Knote: [m[Kcandidate: template<class M, class T> ros::Subscriber ros::NodeHandle::subscribe(const string&, uint32_t, void (T::*)(M) const, T*, const ros::TransportHints&)
   Subscriber [01;36m[Ksubscribe[m[K(const std::string& topic, uint32_t queue_size, void(T::*fp)(M) const, T* obj,
              [01;36m[K^~~~~~~~~[m[K
[01m[K/opt/ros/melodic/include/ros/node_handle.h:413:14:[m[K [01;36m[Knote: [m[K  template argument deduction/substitution failed:
[01m[K/home/hojin/drone_ws2/mavros_ws/src/mavros/offboard_ctrl/src/offboard_ctrl.cpp:24:116:[m[K [01;36m[Knote: [m[K  types ‘[01m[Kvoid (T::)(quadrotor_msgs::PositionCommand_<std::allocator<void> >) const[m[K’ and ‘[01m[Kvoid (OffboardFSM::)(const SO3CommandConstPtr&) {aka void (OffboardFSM::)(const boost::shared_ptr<const quadrotor_msgs::SO3Command_<std::allocator<void> > >&)}[m[K’ have incompatible cv-qualifiers
     pos_cmd_sub = nh_.subscribe<quadrotor_msgs::PositionCommand>("/so3_cmd", 10, &OffboardFSM::poseCmdCallback,this[01;36m[K)[m[K;
                                                                                                                    [01;36m[K^[m[K
In file included from [01m[K/opt/ros/melodic/include/ros/ros.h:45:0[m[K,
                 from [01m[K/home/hojin/drone_ws2/mavros_ws/src/mavros/offboard_ctrl/include/offboard_ctrl.h:1[m[K,
                 from [01m[K/home/hojin/drone_ws2/mavros_ws/src/mavros/offboard_ctrl/src/offboard_ctrl.cpp:5[m[K:
[01m[K/opt/ros/melodic/include/ros/node_handle.h:465:14:[m[K [01;36m[Knote: [m[Kcandidate: template<class M, class T> ros::Subscriber ros::NodeHandle::subscribe(const string&, uint32_t, void (T::*)(const boost::shared_ptr<const M>&), T*, const ros::TransportHints&)
   Subscriber [01;36m[Ksubscribe[m[K(const std::string& topic, uint32_t queue_size,
              [01;36m[K^~~~~~~~~[m[K
[01m[K/opt/ros/melodic/include/ros/node_handle.h:465:14:[m[K [01;36m[Knote: [m[K  template argument deduction/substitution failed:
[01m[K/home/hojin/drone_ws2/mavros_ws/src/mavros/offboard_ctrl/src/offboard_ctrl.cpp:24:116:[m[K [01;36m[Knote: [m[K  mismatched types ‘[01m[Kconst quadrotor_msgs::PositionCommand_<std::allocator<void> >[m[K’ and ‘[01m[Kconst quadrotor_msgs::SO3Command_<std::allocator<void> >[m[K’
     pos_cmd_sub = nh_.subscribe<quadrotor_msgs::PositionCommand>("/so3_cmd", 10, &OffboardFSM::poseCmdCallback,this[01;36m[K)[m[K;
                                                                                                                    [01;36m[K^[m[K
In file included from [01m[K/opt/ros/melodic/include/ros/ros.h:45:0[m[K,
                 from [01m[K/home/hojin/drone_ws2/mavros_ws/src/mavros/offboard_ctrl/include/offboard_ctrl.h:1[m[K,
                 from [01m[K/home/hojin/drone_ws2/mavros_ws/src/mavros/offboard_ctrl/src/offboard_ctrl.cpp:5[m[K:
[01m[K/opt/ros/melodic/include/ros/node_handle.h:475:14:[m[K [01;36m[Knote: [m[Kcandidate: template<class M, class T> ros::Subscriber ros::NodeHandle::subscribe(const string&, uint32_t, void (T::*)(const boost::shared_ptr<const M>&) const, T*, const ros::TransportHints&)
   Subscriber [01;36m[Ksubscribe[m[K(const std::string& topic, uint32_t queue_size,
              [01;36m[K^~~~~~~~~[m[K
[01m[K/opt/ros/melodic/include/ros/node_handle.h:475:14:[m[K [01;36m[Knote: [m[K  template argument deduction/substitution failed:
[01m[K/home/hojin/drone_ws2/mavros_ws/src/mavros/offboard_ctrl/src/offboard_ctrl.cpp:24:116:[m[K [01;36m[Knote: [m[K  types ‘[01m[Kvoid (T::)(const boost::shared_ptr<const quadrotor_msgs::PositionCommand_<std::allocator<void> > >&) const[m[K’ and ‘[01m[Kvoid (OffboardFSM::)(const SO3CommandConstPtr&) {aka void (OffboardFSM::)(const boost::shared_ptr<const quadrotor_msgs::SO3Command_<std::allocator<void> > >&)}[m[K’ have incompatible cv-qualifiers
     pos_cmd_sub = nh_.subscribe<quadrotor_msgs::PositionCommand>("/so3_cmd", 10, &OffboardFSM::poseCmdCallback,this[01;36m[K)[m[K;
                                                                                                                    [01;36m[K^[m[K
In file included from [01m[K/opt/ros/melodic/include/ros/ros.h:45:0[m[K,
                 from [01m[K/home/hojin/drone_ws2/mavros_ws/src/mavros/offboard_ctrl/include/offboard_ctrl.h:1[m[K,
                 from [01m[K/home/hojin/drone_ws2/mavros_ws/src/mavros/offboard_ctrl/src/offboard_ctrl.cpp:5[m[K:
[01m[K/opt/ros/melodic/include/ros/node_handle.h:529:14:[m[K [01;36m[Knote: [m[Kcandidate: template<class M, class T> ros::Subscriber ros::NodeHandle::subscribe(const string&, uint32_t, void (T::*)(M), const boost::shared_ptr<U>&, const ros::TransportHints&)
   Subscriber [01;36m[Ksubscribe[m[K(const std::string& topic, uint32_t queue_size, void(T::*fp)(M),
              [01;36m[K^~~~~~~~~[m[K
[01m[K/opt/ros/melodic/include/ros/node_handle.h:529:14:[m[K [01;36m[Knote: [m[K  template argument deduction/substitution failed:
[01m[K/home/hojin/drone_ws2/mavros_ws/src/mavros/offboard_ctrl/src/offboard_ctrl.cpp:24:116:[m[K [01;36m[Knote: [m[K  mismatched types ‘[01m[Kquadrotor_msgs::PositionCommand_<std::allocator<void> >[m[K’ and ‘[01m[Kconst SO3CommandConstPtr& {aka const boost::shared_ptr<const quadrotor_msgs::SO3Command_<std::allocator<void> > >&}[m[K’
     pos_cmd_sub = nh_.subscribe<quadrotor_msgs::PositionCommand>("/so3_cmd", 10, &OffboardFSM::poseCmdCallback,this[01;36m[K)[m[K;
                                                                                                                    [01;36m[K^[m[K
In file included from [01m[K/opt/ros/melodic/include/ros/ros.h:45:0[m[K,
                 from [01m[K/home/hojin/drone_ws2/mavros_ws/src/mavros/offboard_ctrl/include/offboard_ctrl.h:1[m[K,
                 from [01m[K/home/hojin/drone_ws2/mavros_ws/src/mavros/offboard_ctrl/src/offboard_ctrl.cpp:5[m[K:
[01m[K/opt/ros/melodic/include/ros/node_handle.h:540:14:[m[K [01;36m[Knote: [m[Kcandidate: template<class M, class T> ros::Subscriber ros::NodeHandle::subscribe(const string&, uint32_t, void (T::*)(M) const, const boost::shared_ptr<U>&, const ros::TransportHints&)
   Subscriber [01;36m[Ksubscribe[m[K(const std::string& topic, uint32_t queue_size, void(T::*fp)(M) const,
              [01;36m[K^~~~~~~~~[m[K
[01m[K/opt/ros/melodic/include/ros/node_handle.h:540:14:[m[K [01;36m[Knote: [m[K  template argument deduction/substitution failed:
[01m[K/home/hojin/drone_ws2/mavros_ws/src/mavros/offboard_ctrl/src/offboard_ctrl.cpp:24:116:[m[K [01;36m[Knote: [m[K  types ‘[01m[Kvoid (T::)(quadrotor_msgs::PositionCommand_<std::allocator<void> >) const[m[K’ and ‘[01m[Kvoid (OffboardFSM::)(const SO3CommandConstPtr&) {aka void (OffboardFSM::)(const boost::shared_ptr<const quadrotor_msgs::SO3Command_<std::allocator<void> > >&)}[m[K’ have incompatible cv-qualifiers
     pos_cmd_sub = nh_.subscribe<quadrotor_msgs::PositionCommand>("/so3_cmd", 10, &OffboardFSM::poseCmdCallback,this[01;36m[K)[m[K;
                                                                                                                    [01;36m[K^[m[K
In file included from [01m[K/opt/ros/melodic/include/ros/ros.h:45:0[m[K,
                 from [01m[K/home/hojin/drone_ws2/mavros_ws/src/mavros/offboard_ctrl/include/offboard_ctrl.h:1[m[K,
                 from [01m[K/home/hojin/drone_ws2/mavros_ws/src/mavros/offboard_ctrl/src/offboard_ctrl.cpp:5[m[K:
[01m[K/opt/ros/melodic/include/ros/node_handle.h:594:14:[m[K [01;36m[Knote: [m[Kcandidate: template<class M, class T> ros::Subscriber ros::NodeHandle::subscribe(const string&, uint32_t, void (T::*)(const boost::shared_ptr<const M>&), const boost::shared_ptr<U>&, const ros::TransportHints&)
   Subscriber [01;36m[Ksubscribe[m[K(const std::string& topic, uint32_t queue_size,
              [01;36m[K^~~~~~~~~[m[K
[01m[K/opt/ros/melodic/include/ros/node_handle.h:594:14:[m[K [01;36m[Knote: [m[K  template argument deduction/substitution failed:
[01m[K/home/hojin/drone_ws2/mavros_ws/src/mavros/offboard_ctrl/src/offboard_ctrl.cpp:24:116:[m[K [01;36m[Knote: [m[K  mismatched types ‘[01m[Kconst quadrotor_msgs::PositionCommand_<std::allocator<void> >[m[K’ and ‘[01m[Kconst quadrotor_msgs::SO3Command_<std::allocator<void> >[m[K’
     pos_cmd_sub = nh_.subscribe<quadrotor_msgs::PositionCommand>("/so3_cmd", 10, &OffboardFSM::poseCmdCallback,this[01;36m[K)[m[K;
                                                                                                                    [01;36m[K^[m[K
In file included from [01m[K/opt/ros/melodic/include/ros/ros.h:45:0[m[K,
                 from [01m[K/home/hojin/drone_ws2/mavros_ws/src/mavros/offboard_ctrl/include/offboard_ctrl.h:1[m[K,
                 from [01m[K/home/hojin/drone_ws2/mavros_ws/src/mavros/offboard_ctrl/src/offboard_ctrl.cpp:5[m[K:
[01m[K/opt/ros/melodic/include/ros/node_handle.h:605:14:[m[K [01;36m[Knote: [m[Kcandidate: template<class M, class T> ros::Subscriber ros::NodeHandle::subscribe(const string&, uint32_t, void (T::*)(const boost::shared_ptr<const M>&) const, const boost::shared_ptr<U>&, const ros::TransportHints&)
   Subscriber [01;36m[Ksubscribe[m[K(const std::string& topic, uint32_t queue_size,
              [01;36m[K^~~~~~~~~[m[K
[01m[K/opt/ros/melodic/include/ros/node_handle.h:605:14:[m[K [01;36m[Knote: [m[K  template argument deduction/substitution failed:
[01m[K/home/hojin/drone_ws2/mavros_ws/src/mavros/offboard_ctrl/src/offboard_ctrl.cpp:24:116:[m[K [01;36m[Knote: [m[K  types ‘[01m[Kvoid (T::)(const boost::shared_ptr<const quadrotor_msgs::PositionCommand_<std::allocator<void> > >&) const[m[K’ and ‘[01m[Kvoid (OffboardFSM::)(const SO3CommandConstPtr&) {aka void (OffboardFSM::)(const boost::shared_ptr<const quadrotor_msgs::SO3Command_<std::allocator<void> > >&)}[m[K’ have incompatible cv-qualifiers
     pos_cmd_sub = nh_.subscribe<quadrotor_msgs::PositionCommand>("/so3_cmd", 10, &OffboardFSM::poseCmdCallback,this[01;36m[K)[m[K;
                                                                                                                    [01;36m[K^[m[K
In file included from [01m[K/opt/ros/melodic/include/ros/ros.h:45:0[m[K,
                 from [01m[K/home/hojin/drone_ws2/mavros_ws/src/mavros/offboard_ctrl/include/offboard_ctrl.h:1[m[K,
                 from [01m[K/home/hojin/drone_ws2/mavros_ws/src/mavros/offboard_ctrl/src/offboard_ctrl.cpp:5[m[K:
[01m[K/opt/ros/melodic/include/ros/node_handle.h:656:14:[m[K [01;36m[Knote: [m[Kcandidate: template<class M> ros::Subscriber ros::NodeHandle::subscribe(const string&, uint32_t, void (*)(M), const ros::TransportHints&)
   Subscriber [01;36m[Ksubscribe[m[K(const std::string& topic, uint32_t queue_size, void(*fp)(M), const TransportHints& transport_hints = TransportHints())
              [01;36m[K^~~~~~~~~[m[K
[01m[K/opt/ros/melodic/include/ros/node_handle.h:656:14:[m[K [01;36m[Knote: [m[K  template argument deduction/substitution failed:
[01m[K/home/hojin/drone_ws2/mavros_ws/src/mavros/offboard_ctrl/src/offboard_ctrl.cpp:24:116:[m[K [01;36m[Knote: [m[K  cannot convert ‘[01m[K&OffboardFSM::poseCmdCallback[m[K’ (type ‘[01m[Kvoid (OffboardFSM::*)(const SO3CommandConstPtr&) {aka void (OffboardFSM::*)(const boost::shared_ptr<const quadrotor_msgs::SO3Command_<std::allocator<void> > >&)}[m[K’) to type ‘[01m[Kvoid (*)(quadrotor_msgs::PositionCommand_<std::allocator<void> >)[m[K’
     pos_cmd_sub = nh_.subscribe<quadrotor_msgs::PositionCommand>("/so3_cmd", 10, &OffboardFSM::poseCmdCallback,this[01;36m[K)[m[K;
                                                                                                                    [01;36m[K^[m[K
In file included from [01m[K/opt/ros/melodic/include/ros/ros.h:45:0[m[K,
                 from [01m[K/home/hojin/drone_ws2/mavros_ws/src/mavros/offboard_ctrl/include/offboard_ctrl.h:1[m[K,
                 from [01m[K/home/hojin/drone_ws2/mavros_ws/src/mavros/offboard_ctrl/src/offboard_ctrl.cpp:5[m[K:
[01m[K/opt/ros/melodic/include/ros/node_handle.h:704:14:[m[K [01;36m[Knote: [m[Kcandidate: template<class M> ros::Subscriber ros::NodeHandle::subscribe(const string&, uint32_t, void (*)(const boost::shared_ptr<const M>&), const ros::TransportHints&)
   Subscriber [01;36m[Ksubscribe[m[K(const std::string& topic, uint32_t queue_size, void(*fp)(const boost::shared_ptr<M const>&), const TransportHints& transport_hints = TransportHints())
              [01;36m[K^~~~~~~~~[m[K
[01m[K/opt/ros/melodic/include/ros/node_handle.h:704:14:[m[K [01;36m[Knote: [m[K  template argument deduction/substitution failed:
[01m[K/home/hojin/drone_ws2/mavros_ws/src/mavros/offboard_ctrl/src/offboard_ctrl.cpp:24:116:[m[K [01;36m[Knote: [m[K  cannot convert ‘[01m[K&OffboardFSM::poseCmdCallback[m[K’ (type ‘[01m[Kvoid (OffboardFSM::*)(const SO3CommandConstPtr&) {aka void (OffboardFSM::*)(const boost::shared_ptr<const quadrotor_msgs::SO3Command_<std::allocator<void> > >&)}[m[K’) to type ‘[01m[Kvoid (*)(const boost::shared_ptr<const quadrotor_msgs::PositionCommand_<std::allocator<void> > >&)[m[K’
     pos_cmd_sub = nh_.subscribe<quadrotor_msgs::PositionCommand>("/so3_cmd", 10, &OffboardFSM::poseCmdCallback,this[01;36m[K)[m[K;
                                                                                                                    [01;36m[K^[m[K
In file included from [01m[K/opt/ros/melodic/include/ros/ros.h:45:0[m[K,
                 from [01m[K/home/hojin/drone_ws2/mavros_ws/src/mavros/offboard_ctrl/include/offboard_ctrl.h:1[m[K,
                 from [01m[K/home/hojin/drone_ws2/mavros_ws/src/mavros/offboard_ctrl/src/offboard_ctrl.cpp:5[m[K:
[01m[K/opt/ros/melodic/include/ros/node_handle.h:750:14:[m[K [01;36m[Knote: [m[Kcandidate: template<class M> ros::Subscriber ros::NodeHandle::subscribe(const string&, uint32_t, const boost::function<void(const boost::shared_ptr<const M>&)>&, const VoidConstPtr&, const ros::TransportHints&)
   Subscriber [01;36m[Ksubscribe[m[K(const std::string& topic, uint32_t queue_size, const boost::function<void (const boost::shared_ptr<M const>&)>& callback,
              [01;36m[K^~~~~~~~~[m[K
[01m[K/opt/ros/melodic/include/ros/node_handle.h:750:14:[m[K [01;36m[Knote: [m[K  template argument deduction/substitution failed:
[01m[K/home/hojin/drone_ws2/mavros_ws/src/mavros/offboard_ctrl/src/offboard_ctrl.cpp:24:116:[m[K [01;36m[Knote: [m[K  cannot convert ‘[01m[K(OffboardFSM*)this[m[K’ (type ‘[01m[KOffboardFSM*[m[K’) to type ‘[01m[Kconst VoidConstPtr& {aka const boost::shared_ptr<const void>&}[m[K’
     pos_cmd_sub = nh_.subscribe<quadrotor_msgs::PositionCommand>("/so3_cmd", 10, &OffboardFSM::poseCmdCallback,this[01;36m[K)[m[K;
                                                                                                                    [01;36m[K^[m[K
In file included from [01m[K/opt/ros/melodic/include/ros/ros.h:45:0[m[K,
                 from [01m[K/home/hojin/drone_ws2/mavros_ws/src/mavros/offboard_ctrl/include/offboard_ctrl.h:1[m[K,
                 from [01m[K/home/hojin/drone_ws2/mavros_ws/src/mavros/offboard_ctrl/src/offboard_ctrl.cpp:5[m[K:
[01m[K/opt/ros/melodic/include/ros/node_handle.h:799:14:[m[K [01;36m[Knote: [m[Kcandidate: template<class M, class C> ros::Subscriber ros::NodeHandle::subscribe(const string&, uint32_t, const boost::function<void(C)>&, const VoidConstPtr&, const ros::TransportHints&)
   Subscriber [01;36m[Ksubscribe[m[K(const std::string& topic, uint32_t queue_size, const boost::function<void (C)>& callback,
              [01;36m[K^~~~~~~~~[m[K
[01m[K/opt/ros/melodic/include/ros/node_handle.h:799:14:[m[K [01;36m[Knote: [m[K  template argument deduction/substitution failed:
[01m[K/home/hojin/drone_ws2/mavros_ws/src/mavros/offboard_ctrl/src/offboard_ctrl.cpp:24:116:[m[K [01;36m[Knote: [m[K  mismatched types ‘[01m[Kconst boost::function<void(C)>[m[K’ and ‘[01m[Kvoid (OffboardFSM::*)(const SO3CommandConstPtr&) {aka void (OffboardFSM::*)(const boost::shared_ptr<const quadrotor_msgs::SO3Command_<std::allocator<void> > >&)}[m[K’
     pos_cmd_sub = nh_.subscribe<quadrotor_msgs::PositionCommand>("/so3_cmd", 10, &OffboardFSM::poseCmdCallback,this[01;36m[K)[m[K;
                                                                                                                    [01;36m[K^[m[K
[01m[K/home/hojin/drone_ws2/mavros_ws/src/mavros/offboard_ctrl/src/offboard_ctrl.cpp:[m[K In member function ‘[01m[Kvoid OffboardFSM::poseCmdCallback(const SO3CommandConstPtr&)[m[K’:
[01m[K/home/hojin/drone_ws2/mavros_ws/src/mavros/offboard_ctrl/src/offboard_ctrl.cpp:128:36:[m[K [01;31m[Kerror: [m[K‘[01m[Kconst struct quadrotor_msgs::SO3Command_<std::allocator<void> >[m[K’ has no member named ‘[01m[Kposition[m[K’
     pose_target_.position.x = msg->[01;31m[Kposition[m[K.x;
                                    [01;31m[K^~~~~~~~[m[K
[01m[K/home/hojin/drone_ws2/mavros_ws/src/mavros/offboard_ctrl/src/offboard_ctrl.cpp:129:36:[m[K [01;31m[Kerror: [m[K‘[01m[Kconst struct quadrotor_msgs::SO3Command_<std::allocator<void> >[m[K’ has no member named ‘[01m[Kposition[m[K’
     pose_target_.position.y = msg->[01;31m[Kposition[m[K.y;
                                    [01;31m[K^~~~~~~~[m[K
[01m[K/home/hojin/drone_ws2/mavros_ws/src/mavros/offboard_ctrl/src/offboard_ctrl.cpp:130:36:[m[K [01;31m[Kerror: [m[K‘[01m[Kconst struct quadrotor_msgs::SO3Command_<std::allocator<void> >[m[K’ has no member named ‘[01m[Kposition[m[K’
     pose_target_.position.z = msg->[01;31m[Kposition[m[K.z;
                                    [01;31m[K^~~~~~~~[m[K
[01m[K/home/hojin/drone_ws2/mavros_ws/src/mavros/offboard_ctrl/src/offboard_ctrl.cpp:132:36:[m[K [01;31m[Kerror: [m[K‘[01m[Kconst struct quadrotor_msgs::SO3Command_<std::allocator<void> >[m[K’ has no member named ‘[01m[Kvelocity[m[K’
     pose_target_.velocity.x = msg->[01;31m[Kvelocity[m[K.x;
                                    [01;31m[K^~~~~~~~[m[K
[01m[K/home/hojin/drone_ws2/mavros_ws/src/mavros/offboard_ctrl/src/offboard_ctrl.cpp:133:36:[m[K [01;31m[Kerror: [m[K‘[01m[Kconst struct quadrotor_msgs::SO3Command_<std::allocator<void> >[m[K’ has no member named ‘[01m[Kvelocity[m[K’
     pose_target_.velocity.y = msg->[01;31m[Kvelocity[m[K.y;
                                    [01;31m[K^~~~~~~~[m[K
[01m[K/home/hojin/drone_ws2/mavros_ws/src/mavros/offboard_ctrl/src/offboard_ctrl.cpp:134:36:[m[K [01;31m[Kerror: [m[K‘[01m[Kconst struct quadrotor_msgs::SO3Command_<std::allocator<void> >[m[K’ has no member named ‘[01m[Kvelocity[m[K’
     pose_target_.velocity.z = msg->[01;31m[Kvelocity[m[K.z;
                                    [01;31m[K^~~~~~~~[m[K
[01m[K/home/hojin/drone_ws2/mavros_ws/src/mavros/offboard_ctrl/src/offboard_ctrl.cpp:136:49:[m[K [01;31m[Kerror: [m[K‘[01m[Kconst struct quadrotor_msgs::SO3Command_<std::allocator<void> >[m[K’ has no member named ‘[01m[Kacceleration[m[K’; did you mean ‘[01m[Korientation[m[K’?
     pose_target_.acceleration_or_force.x = msg->[01;31m[Kacceleration[m[K.x;
                                                 [01;31m[K^~~~~~~~~~~~[m[K
                                                 [32m[Korientation[m[K
[01m[K/home/hojin/drone_ws2/mavros_ws/src/mavros/offboard_ctrl/src/offboard_ctrl.cpp:137:49:[m[K [01;31m[Kerror: [m[K‘[01m[Kconst struct quadrotor_msgs::SO3Command_<std::allocator<void> >[m[K’ has no member named ‘[01m[Kacceleration[m[K’; did you mean ‘[01m[Korientation[m[K’?
     pose_target_.acceleration_or_force.y = msg->[01;31m[Kacceleration[m[K.y;
                                                 [01;31m[K^~~~~~~~~~~~[m[K
                                                 [32m[Korientation[m[K
[01m[K/home/hojin/drone_ws2/mavros_ws/src/mavros/offboard_ctrl/src/offboard_ctrl.cpp:138:49:[m[K [01;31m[Kerror: [m[K‘[01m[Kconst struct quadrotor_msgs::SO3Command_<std::allocator<void> >[m[K’ has no member named ‘[01m[Kacceleration[m[K’; did you mean ‘[01m[Korientation[m[K’?
     pose_target_.acceleration_or_force.z = msg->[01;31m[Kacceleration[m[K.z;
                                                 [01;31m[K^~~~~~~~~~~~[m[K
                                                 [32m[Korientation[m[K
[01m[K/home/hojin/drone_ws2/mavros_ws/src/mavros/offboard_ctrl/src/offboard_ctrl.cpp:140:29:[m[K [01;31m[Kerror: [m[K‘[01m[Kconst struct quadrotor_msgs::SO3Command_<std::allocator<void> >[m[K’ has no member named ‘[01m[Kyaw[m[K’
     pose_target_.yaw = msg->[01;31m[Kyaw[m[K;
                             [01;31m[K^~~[m[K
[01m[K/home/hojin/drone_ws2/mavros_ws/src/mavros/offboard_ctrl/src/offboard_ctrl.cpp:141:34:[m[K [01;31m[Kerror: [m[K‘[01m[Kconst struct quadrotor_msgs::SO3Command_<std::allocator<void> >[m[K’ has no member named ‘[01m[Kyaw_dot[m[K’
     pose_target_.yaw_rate = msg->[01;31m[Kyaw_dot[m[K;
                                  [01;31m[K^~~~~~~[m[K
In file included from [01m[K/opt/ros/melodic/include/ros/ros.h:40:0[m[K,
                 from [01m[K/home/hojin/drone_ws2/mavros_ws/src/mavros/offboard_ctrl/include/offboard_ctrl.h:1[m[K,
                 from [01m[K/home/hojin/drone_ws2/mavros_ws/src/mavros/offboard_ctrl/src/offboard_ctrl.cpp:5[m[K:
[01m[K/home/hojin/drone_ws2/mavros_ws/src/mavros/offboard_ctrl/src/offboard_ctrl.cpp:[m[K In member function ‘[01m[Kvoid OffboardFSM::waypointTimerCallback(const ros::TimerEvent&)[m[K’:
[01m[K/opt/ros/melodic/include/ros/console.h:348:176:[m[K [01;35m[Kwarning: [m[Kformat ‘[01m[K%f[m[K’ expects argument of type ‘[01m[Kdouble[m[K’, but argument 8 has type ‘[01m[Kros::Duration[m[K’ [[01;35m[K-Wformat=[m[K]
     ::ros::console::print(filter, __rosconsole_define_location__loc.logger_, __rosconsole_define_location__loc.level_, __FILE__, __LINE__, __ROSCONSOLE_FUNCTION__, __VA_ARGS__[01;35m[K)[m[K
                                                                                                                                                                                [01;35m[K^[m[K
[01m[K/opt/ros/melodic/include/ros/console.h:351:5:[m[K [01;36m[Knote: [m[Kin expansion of macro ‘[01m[KROSCONSOLE_PRINT_AT_LOCATION_WITH_FILTER[m[K’
     [01;36m[KROSCONSOLE_PRINT_AT_LOCATION_WITH_FILTER[m[K(NULL, __VA_ARGS__)
     [01;36m[K^~~~~~~~~~~~~~~~~~~~~~~~~~~~~~~~~~~~~~~~[m[K
[01m[K/opt/ros/melodic/include/ros/console.h:387:7:[m[K [01;36m[Knote: [m[Kin expansion of macro ‘[01m[KROSCONSOLE_PRINT_AT_LOCATION[m[K’
       [01;36m[KROSCONSOLE_PRINT_AT_LOCATION[m[K(__VA_ARGS__); \
       [01;36m[K^~~~~~~~~~~~~~~~~~~~~~~~~~~~[m[K
[01m[K/opt/ros/melodic/include/ros/console.h:572:35:[m[K [01;36m[Knote: [m[Kin expansion of macro ‘[01m[KROS_LOG_COND[m[K’
 #define ROS_LOG(level, name, ...) [01;36m[KROS_LOG_COND[m[K(true, level, name, __VA_ARGS__)
                                   [01;36m[K^~~~~~~~~~~~[m[K
[01m[K/opt/ros/melodic/include/rosconsole/macros_generated.h:110:23:[m[K [01;36m[Knote: [m[Kin expansion of macro ‘[01m[KROS_LOG[m[K’
 #define ROS_INFO(...) [01;36m[KROS_LOG[m[K(::ros::console::levels::Info, ROSCONSOLE_DEFAULT_NAME, __VA_ARGS__)
                       [01;36m[K^~~~~~~[m[K
[01m[K/home/hojin/drone_ws2/mavros_ws/src/mavros/offboard_ctrl/src/offboard_ctrl.cpp:338:5:[m[K [01;36m[Knote: [m[Kin expansion of macro ‘[01m[KROS_INFO[m[K’
     [01;36m[KR[m[KOS_INFO("command_waiting_times_ = %f" , command_waiting_times_.front());
     [01;36m[K^[m[K
[01m[K/opt/ros/melodic/include/ros/console.h:348:176:[m[K [01;35m[Kwarning: [m[Kformat ‘[01m[K%f[m[K’ expects argument of type ‘[01m[Kdouble[m[K’, but argument 8 has type ‘[01m[Kint[m[K’ [[01;35m[K-Wformat=[m[K]
     ::ros::console::print(filter, __rosconsole_define_location__loc.logger_, __rosconsole_define_location__loc.level_, __FILE__, __LINE__, __ROSCONSOLE_FUNCTION__, __VA_ARGS__[01;35m[K)[m[K
                                                                                                                                                                                [01;35m[K^[m[K
[01m[K/opt/ros/melodic/include/ros/console.h:351:5:[m[K [01;36m[Knote: [m[Kin expansion of macro ‘[01m[KROSCONSOLE_PRINT_AT_LOCATION_WITH_FILTER[m[K’
     [01;36m[KROSCONSOLE_PRINT_AT_LOCATION_WITH_FILTER[m[K(NULL, __VA_ARGS__)
     [01;36m[K^~~~~~~~~~~~~~~~~~~~~~~~~~~~~~~~~~~~~~~~[m[K
[01m[K/opt/ros/melodic/include/ros/console.h:387:7:[m[K [01;36m[Knote: [m[Kin expansion of macro ‘[01m[KROSCONSOLE_PRINT_AT_LOCATION[m[K’
       [01;36m[KROSCONSOLE_PRINT_AT_LOCATION[m[K(__VA_ARGS__); \
       [01;36m[K^~~~~~~~~~~~~~~~~~~~~~~~~~~~[m[K
[01m[K/opt/ros/melodic/include/ros/console.h:572:35:[m[K [01;36m[Knote: [m[Kin expansion of macro ‘[01m[KROS_LOG_COND[m[K’
 #define ROS_LOG(level, name, ...) [01;36m[KROS_LOG_COND[m[K(true, level, name, __VA_ARGS__)
                                   [01;36m[K^~~~~~~~~~~~[m[K
[01m[K/opt/ros/melodic/include/rosconsole/macros_generated.h:110:23:[m[K [01;36m[Knote: [m[Kin expansion of macro ‘[01m[KROS_LOG[m[K’
 #define ROS_INFO(...) [01;36m[KROS_LOG[m[K(::ros::console::levels::Info, ROSCONSOLE_DEFAULT_NAME, __VA_ARGS__)
                       [01;36m[K^~~~~~~[m[K
[01m[K/home/hojin/drone_ws2/mavros_ws/src/mavros/offboard_ctrl/src/offboard_ctrl.cpp:339:5:[m[K [01;36m[Knote: [m[Kin expansion of macro ‘[01m[KROS_INFO[m[K’
     [01;36m[KR[m[KOS_INFO("waypoints_itr = %f", waypoints_itr);
     [01;36m[K^[m[K
[01m[K/opt/ros/melodic/include/ros/console.h:348:176:[m[K [01;35m[Kwarning: [m[Kformat ‘[01m[K%f[m[K’ expects argument of type ‘[01m[Kdouble[m[K’, but argument 8 has type ‘[01m[Kint[m[K’ [[01;35m[K-Wformat=[m[K]
     ::ros::console::print(filter, __rosconsole_define_location__loc.logger_, __rosconsole_define_location__loc.level_, __FILE__, __LINE__, __ROSCONSOLE_FUNCTION__, __VA_ARGS__[01;35m[K)[m[K
                                                                                                                                                                                [01;35m[K^[m[K
[01m[K/opt/ros/melodic/include/ros/console.h:351:5:[m[K [01;36m[Knote: [m[Kin expansion of macro ‘[01m[KROSCONSOLE_PRINT_AT_LOCATION_WITH_FILTER[m[K’
     [01;36m[KROSCONSOLE_PRINT_AT_LOCATION_WITH_FILTER[m[K(NULL, __VA_ARGS__)
     [01;36m[K^~~~~~~~~~~~~~~~~~~~~~~~~~~~~~~~~~~~~~~~[m[K
[01m[K/opt/ros/melodic/include/ros/console.h:387:7:[m[K [01;36m[Knote: [m[Kin expansion of macro ‘[01m[KROSCONSOLE_PRINT_AT_LOCATION[m[K’
       [01;36m[KROSCONSOLE_PRINT_AT_LOCATION[m[K(__VA_ARGS__); \
       [01;36m[K^~~~~~~~~~~~~~~~~~~~~~~~~~~~[m[K
[01m[K/opt/ros/melodic/include/ros/console.h:572:35:[m[K [01;36m[Knote: [m[Kin expansion of macro ‘[01m[KROS_LOG_COND[m[K’
 #define ROS_LOG(level, name, ...) [01;36m[KROS_LOG_COND[m[K(true, level, name, __VA_ARGS__)
                                   [01;36m[K^~~~~~~~~~~~[m[K
[01m[K/opt/ros/melodic/include/rosconsole/macros_generated.h:110:23:[m[K [01;36m[Knote: [m[Kin expansion of macro ‘[01m[KROS_LOG[m[K’
 #define ROS_INFO(...) [01;36m[KROS_LOG[m[K(::ros::console::levels::Info, ROSCONSOLE_DEFAULT_NAME, __VA_ARGS__)
                       [01;36m[K^~~~~~~[m[K
[01m[K/home/hojin/drone_ws2/mavros_ws/src/mavros/offboard_ctrl/src/offboard_ctrl.cpp:341:9:[m[K [01;36m[Knote: [m[Kin expansion of macro ‘[01m[KROS_INFO[m[K’
         [01;36m[KR[m[KOS_INFO("waypoints iter = %f", waypoints_itr);
         [01;36m[K^[m[K
[01m[K/home/hojin/drone_ws2/mavros_ws/src/mavros/offboard_ctrl/src/offboard_ctrl.cpp:[m[K In member function ‘[01m[Kvoid OffboardFSM::multiDOFJointCallback(const MultiDOFJointTrajectoryConstPtr&)[m[K’:
[01m[K/opt/ros/melodic/include/ros/console.h:348:176:[m[K [01;35m[Kwarning: [m[Kformat ‘[01m[K%f[m[K’ expects argument of type ‘[01m[Kdouble[m[K’, but argument 8 has type ‘[01m[Kstd::vector<trajectory_msgs::MultiDOFJointTrajectoryPoint_<std::allocator<void> >, std::allocator<trajectory_msgs::MultiDOFJointTrajectoryPoint_<std::allocator<void> > > >::size_type {aka long unsigned int}[m[K’ [[01;35m[K-Wformat=[m[K]
     ::ros::console::print(filter, __rosconsole_define_location__loc.logger_, __rosconsole_define_location__loc.level_, __FILE__, __LINE__, __ROSCONSOLE_FUNCTION__, __VA_ARGS__[01;35m[K)[m[K
                                                                                                                                                                                [01;35m[K^[m[K
[01m[K/opt/ros/melodic/include/ros/console.h:351:5:[m[K [01;36m[Knote: [m[Kin expansion of macro ‘[01m[KROSCONSOLE_PRINT_AT_LOCATION_WITH_FILTER[m[K’
     [01;36m[KROSCONSOLE_PRINT_AT_LOCATION_WITH_FILTER[m[K(NULL, __VA_ARGS__)
     [01;36m[K^~~~~~~~~~~~~~~~~~~~~~~~~~~~~~~~~~~~~~~~[m[K
[01m[K/opt/ros/melodic/include/ros/console.h:387:7:[m[K [01;36m[Knote: [m[Kin expansion of macro ‘[01m[KROSCONSOLE_PRINT_AT_LOCATION[m[K’
       [01;36m[KROSCONSOLE_PRINT_AT_LOCATION[m[K(__VA_ARGS__); \
       [01;36m[K^~~~~~~~~~~~~~~~~~~~~~~~~~~~[m[K
[01m[K/opt/ros/melodic/include/ros/console.h:572:35:[m[K [01;36m[Knote: [m[Kin expansion of macro ‘[01m[KROS_LOG_COND[m[K’
 #define ROS_LOG(level, name, ...) [01;36m[KROS_LOG_COND[m[K(true, level, name, __VA_ARGS__)
                                   [01;36m[K^~~~~~~~~~~~[m[K
[01m[K/opt/ros/melodic/include/rosconsole/macros_generated.h:110:23:[m[K [01;36m[Knote: [m[Kin expansion of macro ‘[01m[KROS_LOG[m[K’
 #define ROS_INFO(...) [01;36m[KROS_LOG[m[K(::ros::console::levels::Info, ROSCONSOLE_DEFAULT_NAME, __VA_ARGS__)
                       [01;36m[K^~~~~~~[m[K
[01m[K/home/hojin/drone_ws2/mavros_ws/src/mavros/offboard_ctrl/src/offboard_ctrl.cpp:417:5:[m[K [01;36m[Knote: [m[Kin expansion of macro ‘[01m[KROS_INFO[m[K’
     [01;36m[KR[m[KOS_INFO("trejactory size = %f", msg->points.size());
     [01;36m[K^[m[K
CMakeFiles/offboard_ctrl.dir/build.make:62: recipe for target 'CMakeFiles/offboard_ctrl.dir/src/offboard_ctrl.cpp.o' failed
make[2]: *** [CMakeFiles/offboard_ctrl.dir/src/offboard_ctrl.cpp.o] Error 1
CMakeFiles/Makefile2:168: recipe for target 'CMakeFiles/offboard_ctrl.dir/all' failed
make[1]: *** [CMakeFiles/offboard_ctrl.dir/all] Error 2
Makefile:140: recipe for target 'all' failed
make: *** [all] Error 2
