[01m[K/home/slam01/dronw_ws/MAV_competition_mavros_ws/src/mavros/offboard_ctrl/src/offboard_ctrl.cpp:[m[K In member function ‘[01m[Kvoid OffboardFSM::RCinCallback(const ConstPtr&)[m[K’:
[01m[K/home/slam01/dronw_ws/MAV_competition_mavros_ws/src/mavros/offboard_ctrl/src/offboard_ctrl.cpp:123:23:[m[K [01;31m[Kerror: [m[Kno match for ‘[01m[Koperator*[m[K’ (operand type is ‘[01m[Kconst _header_type {aka const std_msgs::Header_<std::allocator<void> >}[m[K’)
     joy_msgs.header = [01;31m[K*msg->header[m[K;
                       [01;31m[K^~~~~~~~~~~~[m[K
In file included from [01m[K/usr/include/boost/config/no_tr1/complex.hpp:21:0[m[K,
                 from [01m[K/usr/include/boost/math/policies/error_handling.hpp:17[m[K,
                 from [01m[K/usr/include/boost/math/special_functions/round.hpp:14[m[K,
                 from [01m[K/opt/ros/melodic/include/ros/time.h:58[m[K,
                 from [01m[K/opt/ros/melodic/include/ros/ros.h:38[m[K,
                 from [01m[K/home/slam01/dronw_ws/MAV_competition_mavros_ws/src/mavros/offboard_ctrl/include/offboard_ctrl.h:1[m[K,
                 from [01m[K/home/slam01/dronw_ws/MAV_competition_mavros_ws/src/mavros/offboard_ctrl/src/offboard_ctrl.cpp:5[m[K:
[01m[K/usr/include/c++/7/complex:404:5:[m[K [01;36m[Knote: [m[Kcandidate: template<class _Tp> std::complex<_Tp> std::operator*(const _Tp&, const std::complex<_Tp>&)
     [01;36m[Koperator[m[K*(const _Tp& __x, const complex<_Tp>& __y)
     [01;36m[K^~~~~~~~[m[K
[01m[K/usr/include/c++/7/complex:404:5:[m[K [01;36m[Knote: [m[K  template argument deduction/substitution failed:
[01m[K/home/slam01/dronw_ws/MAV_competition_mavros_ws/src/mavros/offboard_ctrl/src/offboard_ctrl.cpp:123:29:[m[K [01;36m[Knote: [m[K  candidate expects 2 arguments, 1 provided
     joy_msgs.header = *msg->[01;36m[Kheader[m[K;
                             [01;36m[K^~~~~~[m[K
In file included from [01m[K/usr/include/boost/config/no_tr1/complex.hpp:21:0[m[K,
                 from [01m[K/usr/include/boost/math/policies/error_handling.hpp:17[m[K,
                 from [01m[K/usr/include/boost/math/special_functions/round.hpp:14[m[K,
                 from [01m[K/opt/ros/melodic/include/ros/time.h:58[m[K,
                 from [01m[K/opt/ros/melodic/include/ros/ros.h:38[m[K,
                 from [01m[K/home/slam01/dronw_ws/MAV_competition_mavros_ws/src/mavros/offboard_ctrl/include/offboard_ctrl.h:1[m[K,
                 from [01m[K/home/slam01/dronw_ws/MAV_competition_mavros_ws/src/mavros/offboard_ctrl/src/offboard_ctrl.cpp:5[m[K:
[01m[K/usr/include/c++/7/complex:395:5:[m[K [01;36m[Knote: [m[Kcandidate: template<class _Tp> std::complex<_Tp> std::operator*(const std::complex<_Tp>&, const _Tp&)
     [01;36m[Koperator[m[K*(const complex<_Tp>& __x, const _Tp& __y)
     [01;36m[K^~~~~~~~[m[K
[01m[K/usr/include/c++/7/complex:395:5:[m[K [01;36m[Knote: [m[K  template argument deduction/substitution failed:
[01m[K/home/slam01/dronw_ws/MAV_competition_mavros_ws/src/mavros/offboard_ctrl/src/offboard_ctrl.cpp:123:29:[m[K [01;36m[Knote: [m[K  ‘[01m[Kconst _header_type {aka const std_msgs::Header_<std::allocator<void> >}[m[K’ is not derived from ‘[01m[Kconst std::complex<_Tp>[m[K’
     joy_msgs.header = *msg->[01;36m[Kheader[m[K;
                             [01;36m[K^~~~~~[m[K
In file included from [01m[K/usr/include/boost/config/no_tr1/complex.hpp:21:0[m[K,
                 from [01m[K/usr/include/boost/math/policies/error_handling.hpp:17[m[K,
                 from [01m[K/usr/include/boost/math/special_functions/round.hpp:14[m[K,
                 from [01m[K/opt/ros/melodic/include/ros/time.h:58[m[K,
                 from [01m[K/opt/ros/melodic/include/ros/ros.h:38[m[K,
                 from [01m[K/home/slam01/dronw_ws/MAV_competition_mavros_ws/src/mavros/offboard_ctrl/include/offboard_ctrl.h:1[m[K,
                 from [01m[K/home/slam01/dronw_ws/MAV_competition_mavros_ws/src/mavros/offboard_ctrl/src/offboard_ctrl.cpp:5[m[K:
[01m[K/usr/include/c++/7/complex:386:5:[m[K [01;36m[Knote: [m[Kcandidate: template<class _Tp> std::complex<_Tp> std::operator*(const std::complex<_Tp>&, const std::complex<_Tp>&)
     [01;36m[Koperator[m[K*(const complex<_Tp>& __x, const complex<_Tp>& __y)
     [01;36m[K^~~~~~~~[m[K
[01m[K/usr/include/c++/7/complex:386:5:[m[K [01;36m[Knote: [m[K  template argument deduction/substitution failed:
[01m[K/home/slam01/dronw_ws/MAV_competition_mavros_ws/src/mavros/offboard_ctrl/src/offboard_ctrl.cpp:123:29:[m[K [01;36m[Knote: [m[K  ‘[01m[Kconst _header_type {aka const std_msgs::Header_<std::allocator<void> >}[m[K’ is not derived from ‘[01m[Kconst std::complex<_Tp>[m[K’
     joy_msgs.header = *msg->[01;36m[Kheader[m[K;
                             [01;36m[K^~~~~~[m[K
[01m[K/home/slam01/dronw_ws/MAV_competition_mavros_ws/src/mavros/offboard_ctrl/src/offboard_ctrl.cpp:129:50:[m[K [01;31m[Kerror: [m[Kinvalid type argument of unary ‘[01m[K*[m[K’ (have ‘[01m[K__gnu_cxx::__alloc_traits<std::allocator<short unsigned int> >::value_type {aka short unsigned int}[m[K’)
         joy_msgs.axes[i] = float(*msg->channels[i[01;31m[K][m[K);
                                                  [01;31m[K^[m[K
make[2]: *** [CMakeFiles/offboard_ctrl.dir/src/offboard_ctrl.cpp.o] Error 1
make[1]: *** [CMakeFiles/offboard_ctrl.dir/all] Error 2
make: *** [all] Error 2
