Determining if the pthread_create exist failed with the following output:
Change Dir: /home/slam01/dronw_ws/MAV_competition_mavros_ws/build/libmavconn/CMakeFiles/CMakeTmp

Run Build Command:"/usr/bin/make" "cmTC_181ce/fast"
/usr/bin/make -f CMakeFiles/cmTC_181ce.dir/build.make CMakeFiles/cmTC_181ce.dir/build
make[1]: Entering directory '/home/slam01/dronw_ws/MAV_competition_mavros_ws/build/libmavconn/CMakeFiles/CMakeTmp'
Building C object CMakeFiles/cmTC_181ce.dir/CheckSymbolExists.c.o
/usr/bin/cc    -o CMakeFiles/cmTC_181ce.dir/CheckSymbolExists.c.o   -c /home/slam01/dronw_ws/MAV_competition_mavros_ws/build/libmavconn/CMakeFiles/CMakeTmp/CheckSymbolExists.c
Linking C executable cmTC_181ce
/usr/bin/cmake -E cmake_link_script CMakeFiles/cmTC_181ce.dir/link.txt --verbose=1
/usr/bin/cc      -rdynamic CMakeFiles/cmTC_181ce.dir/CheckSymbolExists.c.o  -o cmTC_181ce 
CMakeFiles/cmTC_181ce.dir/CheckSymbolExists.c.o: In function `main':
CheckSymbolExists.c:(.text+0x14): undefined reference to `pthread_create'
CheckSymbolExists.c:(.text+0x18): undefined reference to `pthread_create'
collect2: error: ld returned 1 exit status
CMakeFiles/cmTC_181ce.dir/build.make:97: recipe for target 'cmTC_181ce' failed
make[1]: *** [cmTC_181ce] Error 1
make[1]: Leaving directory '/home/slam01/dronw_ws/MAV_competition_mavros_ws/build/libmavconn/CMakeFiles/CMakeTmp'
Makefile:126: recipe for target 'cmTC_181ce/fast' failed
make: *** [cmTC_181ce/fast] Error 2

File /home/slam01/dronw_ws/MAV_competition_mavros_ws/build/libmavconn/CMakeFiles/CMakeTmp/CheckSymbolExists.c:
/* */
#include <pthread.h>

int main(int argc, char** argv)
{
  (void)argv;
#ifndef pthread_create
  return ((int*)(&pthread_create))[argc];
#else
  (void)argc;
  return 0;
#endif
}

Determining if the function pthread_create exists in the pthreads failed with the following output:
Change Dir: /home/slam01/dronw_ws/MAV_competition_mavros_ws/build/libmavconn/CMakeFiles/CMakeTmp

Run Build Command:"/usr/bin/make" "cmTC_8e5c1/fast"
/usr/bin/make -f CMakeFiles/cmTC_8e5c1.dir/build.make CMakeFiles/cmTC_8e5c1.dir/build
make[1]: Entering directory '/home/slam01/dronw_ws/MAV_competition_mavros_ws/build/libmavconn/CMakeFiles/CMakeTmp'
Building C object CMakeFiles/cmTC_8e5c1.dir/CheckFunctionExists.c.o
/usr/bin/cc   -DCHECK_FUNCTION_EXISTS=pthread_create   -o CMakeFiles/cmTC_8e5c1.dir/CheckFunctionExists.c.o   -c /usr/share/cmake-3.10/Modules/CheckFunctionExists.c
Linking C executable cmTC_8e5c1
/usr/bin/cmake -E cmake_link_script CMakeFiles/cmTC_8e5c1.dir/link.txt --verbose=1
/usr/bin/cc  -DCHECK_FUNCTION_EXISTS=pthread_create    -rdynamic CMakeFiles/cmTC_8e5c1.dir/CheckFunctionExists.c.o  -o cmTC_8e5c1 -lpthreads 
/usr/bin/ld: cannot find -lpthreads
collect2: error: ld returned 1 exit status
CMakeFiles/cmTC_8e5c1.dir/build.make:97: recipe for target 'cmTC_8e5c1' failed
make[1]: *** [cmTC_8e5c1] Error 1
make[1]: Leaving directory '/home/slam01/dronw_ws/MAV_competition_mavros_ws/build/libmavconn/CMakeFiles/CMakeTmp'
Makefile:126: recipe for target 'cmTC_8e5c1/fast' failed
make: *** [cmTC_8e5c1/fast] Error 2


