Linked: (/home/slam01/dronw_ws/MAV_competition_mavros_ws/devel/.private/planner_msgs/share/common-lisp/ros/planner_msgs/srv/pci_trigger.lisp, /home/slam01/dronw_ws/MAV_competition_mavros_ws/devel/share/common-lisp/ros/planner_msgs/srv/pci_trigger.lisp)
Linked: (/home/slam01/dronw_ws/MAV_competition_mavros_ws/devel/.private/planner_msgs/share/common-lisp/ros/planner_msgs/srv/_package.lisp, /home/slam01/dronw_ws/MAV_competition_mavros_ws/devel/share/common-lisp/ros/planner_msgs/srv/_package.lisp)
Linked: (/home/slam01/dronw_ws/MAV_competition_mavros_ws/devel/.private/planner_msgs/share/common-lisp/ros/planner_msgs/srv/planner_msgs-srv.asd, /home/slam01/dronw_ws/MAV_competition_mavros_ws/devel/share/common-lisp/ros/planner_msgs/srv/planner_msgs-srv.asd)
Linked: (/home/slam01/dronw_ws/MAV_competition_mavros_ws/devel/.private/planner_msgs/share/common-lisp/ros/planner_msgs/srv/planner_set_homing_pos.lisp, /home/slam01/dronw_ws/MAV_competition_mavros_ws/devel/share/common-lisp/ros/planner_msgs/srv/planner_set_homing_pos.lisp)
Linked: (/home/slam01/dronw_ws/MAV_competition_mavros_ws/devel/.private/planner_msgs/share/common-lisp/ros/planner_msgs/srv/_package_pci_set_homing_pos.lisp, /home/slam01/dronw_ws/MAV_competition_mavros_ws/devel/share/common-lisp/ros/planner_msgs/srv/_package_pci_set_homing_pos.lisp)
Linked: (/home/slam01/dronw_ws/MAV_competition_mavros_ws/devel/.private/planner_msgs/share/common-lisp/ros/planner_msgs/srv/planner_geofence.lisp, /home/slam01/dronw_ws/MAV_competition_mavros_ws/devel/share/common-lisp/ros/planner_msgs/srv/planner_geofence.lisp)
Linked: (/home/slam01/dronw_ws/MAV_competition_mavros_ws/devel/.private/planner_msgs/share/common-lisp/ros/planner_msgs/srv/planner_set_vel.lisp, /home/slam01/dronw_ws/MAV_competition_mavros_ws/devel/share/common-lisp/ros/planner_msgs/srv/planner_set_vel.lisp)
Linked: (/home/slam01/dronw_ws/MAV_competition_mavros_ws/devel/.private/planner_msgs/share/common-lisp/ros/planner_msgs/srv/_package_planner_request_path.lisp, /home/slam01/dronw_ws/MAV_competition_mavros_ws/devel/share/common-lisp/ros/planner_msgs/srv/_package_planner_request_path.lisp)
Linked: (/home/slam01/dronw_ws/MAV_competition_mavros_ws/devel/.private/planner_msgs/share/common-lisp/ros/planner_msgs/srv/planner_homing.lisp, /home/slam01/dronw_ws/MAV_competition_mavros_ws/devel/share/common-lisp/ros/planner_msgs/srv/planner_homing.lisp)
Linked: (/home/slam01/dronw_ws/MAV_competition_mavros_ws/devel/.private/planner_msgs/share/common-lisp/ros/planner_msgs/srv/_package_pci_homing_trigger.lisp, /home/slam01/dronw_ws/MAV_competition_mavros_ws/devel/share/common-lisp/ros/planner_msgs/srv/_package_pci_homing_trigger.lisp)
Linked: (/home/slam01/dronw_ws/MAV_competition_mavros_ws/devel/.private/planner_msgs/share/common-lisp/ros/planner_msgs/srv/planner_request_path.lisp, /home/slam01/dronw_ws/MAV_competition_mavros_ws/devel/share/common-lisp/ros/planner_msgs/srv/planner_request_path.lisp)
Linked: (/home/slam01/dronw_ws/MAV_competition_mavros_ws/devel/.private/planner_msgs/share/common-lisp/ros/planner_msgs/srv/pci_set_homing_pos.lisp, /home/slam01/dronw_ws/MAV_competition_mavros_ws/devel/share/common-lisp/ros/planner_msgs/srv/pci_set_homing_pos.lisp)
Linked: (/home/slam01/dronw_ws/MAV_competition_mavros_ws/devel/.private/planner_msgs/share/common-lisp/ros/planner_msgs/srv/_package_planner_global.lisp, /home/slam01/dronw_ws/MAV_competition_mavros_ws/devel/share/common-lisp/ros/planner_msgs/srv/_package_planner_global.lisp)
Linked: (/home/slam01/dronw_ws/MAV_competition_mavros_ws/devel/.private/planner_msgs/share/common-lisp/ros/planner_msgs/srv/_package_pci_initialization.lisp, /home/slam01/dronw_ws/MAV_competition_mavros_ws/devel/share/common-lisp/ros/planner_msgs/srv/_package_pci_initialization.lisp)
Linked: (/home/slam01/dronw_ws/MAV_competition_mavros_ws/devel/.private/planner_msgs/share/common-lisp/ros/planner_msgs/srv/_package_planner_geofence.lisp, /home/slam01/dronw_ws/MAV_competition_mavros_ws/devel/share/common-lisp/ros/planner_msgs/srv/_package_planner_geofence.lisp)
Linked: (/home/slam01/dronw_ws/MAV_competition_mavros_ws/devel/.private/planner_msgs/share/common-lisp/ros/planner_msgs/srv/_package_planner_set_vel.lisp, /home/slam01/dronw_ws/MAV_competition_mavros_ws/devel/share/common-lisp/ros/planner_msgs/srv/_package_planner_set_vel.lisp)
Linked: (/home/slam01/dronw_ws/MAV_competition_mavros_ws/devel/.private/planner_msgs/share/common-lisp/ros/planner_msgs/srv/pci_to_waypoint.lisp, /home/slam01/dronw_ws/MAV_competition_mavros_ws/devel/share/common-lisp/ros/planner_msgs/srv/pci_to_waypoint.lisp)
Linked: (/home/slam01/dronw_ws/MAV_competition_mavros_ws/devel/.private/planner_msgs/share/common-lisp/ros/planner_msgs/srv/_package_pci_trigger.lisp, /home/slam01/dronw_ws/MAV_competition_mavros_ws/devel/share/common-lisp/ros/planner_msgs/srv/_package_pci_trigger.lisp)
Linked: (/home/slam01/dronw_ws/MAV_competition_mavros_ws/devel/.private/planner_msgs/share/common-lisp/ros/planner_msgs/srv/planner_set_global_bound.lisp, /home/slam01/dronw_ws/MAV_competition_mavros_ws/devel/share/common-lisp/ros/planner_msgs/srv/planner_set_global_bound.lisp)
Linked: (/home/slam01/dronw_ws/MAV_competition_mavros_ws/devel/.private/planner_msgs/share/common-lisp/ros/planner_msgs/srv/pci_homing_trigger.lisp, /home/slam01/dronw_ws/MAV_competition_mavros_ws/devel/share/common-lisp/ros/planner_msgs/srv/pci_homing_trigger.lisp)
Linked: (/home/slam01/dronw_ws/MAV_competition_mavros_ws/devel/.private/planner_msgs/share/common-lisp/ros/planner_msgs/srv/planner_global.lisp, /home/slam01/dronw_ws/MAV_competition_mavros_ws/devel/share/common-lisp/ros/planner_msgs/srv/planner_global.lisp)
Linked: (/home/slam01/dronw_ws/MAV_competition_mavros_ws/devel/.private/planner_msgs/share/common-lisp/ros/planner_msgs/srv/_package_pci_geofence.lisp, /home/slam01/dronw_ws/MAV_competition_mavros_ws/devel/share/common-lisp/ros/planner_msgs/srv/_package_pci_geofence.lisp)
Linked: (/home/slam01/dronw_ws/MAV_competition_mavros_ws/devel/.private/planner_msgs/share/common-lisp/ros/planner_msgs/srv/_package_pci_global.lisp, /home/slam01/dronw_ws/MAV_competition_mavros_ws/devel/share/common-lisp/ros/planner_msgs/srv/_package_pci_global.lisp)
Linked: (/home/slam01/dronw_ws/MAV_competition_mavros_ws/devel/.private/planner_msgs/share/common-lisp/ros/planner_msgs/srv/_package_planner_set_homing_pos.lisp, /home/slam01/dronw_ws/MAV_competition_mavros_ws/devel/share/common-lisp/ros/planner_msgs/srv/_package_planner_set_homing_pos.lisp)
Linked: (/home/slam01/dronw_ws/MAV_competition_mavros_ws/devel/.private/planner_msgs/share/common-lisp/ros/planner_msgs/srv/_package_planner_homing.lisp, /home/slam01/dronw_ws/MAV_competition_mavros_ws/devel/share/common-lisp/ros/planner_msgs/srv/_package_planner_homing.lisp)
Linked: (/home/slam01/dronw_ws/MAV_competition_mavros_ws/devel/.private/planner_msgs/share/common-lisp/ros/planner_msgs/srv/_package_planner_srv.lisp, /home/slam01/dronw_ws/MAV_competition_mavros_ws/devel/share/common-lisp/ros/planner_msgs/srv/_package_planner_srv.lisp)
Linked: (/home/slam01/dronw_ws/MAV_competition_mavros_ws/devel/.private/planner_msgs/share/common-lisp/ros/planner_msgs/srv/pci_initialization.lisp, /home/slam01/dronw_ws/MAV_competition_mavros_ws/devel/share/common-lisp/ros/planner_msgs/srv/pci_initialization.lisp)
Linked: (/home/slam01/dronw_ws/MAV_competition_mavros_ws/devel/.private/planner_msgs/share/common-lisp/ros/planner_msgs/srv/pci_stop.lisp, /home/slam01/dronw_ws/MAV_competition_mavros_ws/devel/share/common-lisp/ros/planner_msgs/srv/pci_stop.lisp)
Linked: (/home/slam01/dronw_ws/MAV_competition_mavros_ws/devel/.private/planner_msgs/share/common-lisp/ros/planner_msgs/srv/_package_planner_set_global_bound.lisp, /home/slam01/dronw_ws/MAV_competition_mavros_ws/devel/share/common-lisp/ros/planner_msgs/srv/_package_planner_set_global_bound.lisp)
Linked: (/home/slam01/dronw_ws/MAV_competition_mavros_ws/devel/.private/planner_msgs/share/common-lisp/ros/planner_msgs/srv/planner_srv.lisp, /home/slam01/dronw_ws/MAV_competition_mavros_ws/devel/share/common-lisp/ros/planner_msgs/srv/planner_srv.lisp)
Linked: (/home/slam01/dronw_ws/MAV_competition_mavros_ws/devel/.private/planner_msgs/share/common-lisp/ros/planner_msgs/srv/_package_pci_stop.lisp, /home/slam01/dronw_ws/MAV_competition_mavros_ws/devel/share/common-lisp/ros/planner_msgs/srv/_package_pci_stop.lisp)
Linked: (/home/slam01/dronw_ws/MAV_competition_mavros_ws/devel/.private/planner_msgs/share/common-lisp/ros/planner_msgs/srv/pci_geofence.lisp, /home/slam01/dronw_ws/MAV_competition_mavros_ws/devel/share/common-lisp/ros/planner_msgs/srv/pci_geofence.lisp)
Linked: (/home/slam01/dronw_ws/MAV_competition_mavros_ws/devel/.private/planner_msgs/share/common-lisp/ros/planner_msgs/srv/_package_pci_to_waypoint.lisp, /home/slam01/dronw_ws/MAV_competition_mavros_ws/devel/share/common-lisp/ros/planner_msgs/srv/_package_pci_to_waypoint.lisp)
Linked: (/home/slam01/dronw_ws/MAV_competition_mavros_ws/devel/.private/planner_msgs/share/common-lisp/ros/planner_msgs/srv/pci_global.lisp, /home/slam01/dronw_ws/MAV_competition_mavros_ws/devel/share/common-lisp/ros/planner_msgs/srv/pci_global.lisp)
Linked: (/home/slam01/dronw_ws/MAV_competition_mavros_ws/devel/.private/planner_msgs/share/common-lisp/ros/planner_msgs/msg/_package.lisp, /home/slam01/dronw_ws/MAV_competition_mavros_ws/devel/share/common-lisp/ros/planner_msgs/msg/_package.lisp)
Linked: (/home/slam01/dronw_ws/MAV_competition_mavros_ws/devel/.private/planner_msgs/share/common-lisp/ros/planner_msgs/msg/PlanningBound.lisp, /home/slam01/dronw_ws/MAV_competition_mavros_ws/devel/share/common-lisp/ros/planner_msgs/msg/PlanningBound.lisp)
Linked: (/home/slam01/dronw_ws/MAV_competition_mavros_ws/devel/.private/planner_msgs/share/common-lisp/ros/planner_msgs/msg/PlannerStatus.lisp, /home/slam01/dronw_ws/MAV_competition_mavros_ws/devel/share/common-lisp/ros/planner_msgs/msg/PlannerStatus.lisp)
Linked: (/home/slam01/dronw_ws/MAV_competition_mavros_ws/devel/.private/planner_msgs/share/common-lisp/ros/planner_msgs/msg/RobotStatus.lisp, /home/slam01/dronw_ws/MAV_competition_mavros_ws/devel/share/common-lisp/ros/planner_msgs/msg/RobotStatus.lisp)
Linked: (/home/slam01/dronw_ws/MAV_competition_mavros_ws/devel/.private/planner_msgs/share/common-lisp/ros/planner_msgs/msg/_package_BoundMode.lisp, /home/slam01/dronw_ws/MAV_competition_mavros_ws/devel/share/common-lisp/ros/planner_msgs/msg/_package_BoundMode.lisp)
Linked: (/home/slam01/dronw_ws/MAV_competition_mavros_ws/devel/.private/planner_msgs/share/common-lisp/ros/planner_msgs/msg/PlanningMode.lisp, /home/slam01/dronw_ws/MAV_competition_mavros_ws/devel/share/common-lisp/ros/planner_msgs/msg/PlanningMode.lisp)
Linked: (/home/slam01/dronw_ws/MAV_competition_mavros_ws/devel/.private/planner_msgs/share/common-lisp/ros/planner_msgs/msg/_package_PlannerStatus.lisp, /home/slam01/dronw_ws/MAV_competition_mavros_ws/devel/share/common-lisp/ros/planner_msgs/msg/_package_PlannerStatus.lisp)
Linked: (/home/slam01/dronw_ws/MAV_competition_mavros_ws/devel/.private/planner_msgs/share/common-lisp/ros/planner_msgs/msg/_package_TriggerMode.lisp, /home/slam01/dronw_ws/MAV_competition_mavros_ws/devel/share/common-lisp/ros/planner_msgs/msg/_package_TriggerMode.lisp)
Linked: (/home/slam01/dronw_ws/MAV_competition_mavros_ws/devel/.private/planner_msgs/share/common-lisp/ros/planner_msgs/msg/PlannerLogger.lisp, /home/slam01/dronw_ws/MAV_competition_mavros_ws/devel/share/common-lisp/ros/planner_msgs/msg/PlannerLogger.lisp)
Linked: (/home/slam01/dronw_ws/MAV_competition_mavros_ws/devel/.private/planner_msgs/share/common-lisp/ros/planner_msgs/msg/planner_msgs-msg.asd, /home/slam01/dronw_ws/MAV_competition_mavros_ws/devel/share/common-lisp/ros/planner_msgs/msg/planner_msgs-msg.asd)
Linked: (/home/slam01/dronw_ws/MAV_competition_mavros_ws/devel/.private/planner_msgs/share/common-lisp/ros/planner_msgs/msg/ExecutionPathMode.lisp, /home/slam01/dronw_ws/MAV_competition_mavros_ws/devel/share/common-lisp/ros/planner_msgs/msg/ExecutionPathMode.lisp)
Linked: (/home/slam01/dronw_ws/MAV_competition_mavros_ws/devel/.private/planner_msgs/share/common-lisp/ros/planner_msgs/msg/_package_RobotStatus.lisp, /home/slam01/dronw_ws/MAV_competition_mavros_ws/devel/share/common-lisp/ros/planner_msgs/msg/_package_RobotStatus.lisp)
Linked: (/home/slam01/dronw_ws/MAV_competition_mavros_ws/devel/.private/planner_msgs/share/common-lisp/ros/planner_msgs/msg/_package_ExecutionPathMode.lisp, /home/slam01/dronw_ws/MAV_competition_mavros_ws/devel/share/common-lisp/ros/planner_msgs/msg/_package_ExecutionPathMode.lisp)
Linked: (/home/slam01/dronw_ws/MAV_competition_mavros_ws/devel/.private/planner_msgs/share/common-lisp/ros/planner_msgs/msg/_package_PlanningBound.lisp, /home/slam01/dronw_ws/MAV_competition_mavros_ws/devel/share/common-lisp/ros/planner_msgs/msg/_package_PlanningBound.lisp)
Linked: (/home/slam01/dronw_ws/MAV_competition_mavros_ws/devel/.private/planner_msgs/share/common-lisp/ros/planner_msgs/msg/_package_PlanningMode.lisp, /home/slam01/dronw_ws/MAV_competition_mavros_ws/devel/share/common-lisp/ros/planner_msgs/msg/_package_PlanningMode.lisp)
Linked: (/home/slam01/dronw_ws/MAV_competition_mavros_ws/devel/.private/planner_msgs/share/common-lisp/ros/planner_msgs/msg/RectangleShape.lisp, /home/slam01/dronw_ws/MAV_competition_mavros_ws/devel/share/common-lisp/ros/planner_msgs/msg/RectangleShape.lisp)
Linked: (/home/slam01/dronw_ws/MAV_competition_mavros_ws/devel/.private/planner_msgs/share/common-lisp/ros/planner_msgs/msg/TriggerMode.lisp, /home/slam01/dronw_ws/MAV_competition_mavros_ws/devel/share/common-lisp/ros/planner_msgs/msg/TriggerMode.lisp)
Linked: (/home/slam01/dronw_ws/MAV_competition_mavros_ws/devel/.private/planner_msgs/share/common-lisp/ros/planner_msgs/msg/_package_RectangleShape.lisp, /home/slam01/dronw_ws/MAV_competition_mavros_ws/devel/share/common-lisp/ros/planner_msgs/msg/_package_RectangleShape.lisp)
Linked: (/home/slam01/dronw_ws/MAV_competition_mavros_ws/devel/.private/planner_msgs/share/common-lisp/ros/planner_msgs/msg/BoundMode.lisp, /home/slam01/dronw_ws/MAV_competition_mavros_ws/devel/share/common-lisp/ros/planner_msgs/msg/BoundMode.lisp)
Linked: (/home/slam01/dronw_ws/MAV_competition_mavros_ws/devel/.private/planner_msgs/share/common-lisp/ros/planner_msgs/msg/_package_PlannerLogger.lisp, /home/slam01/dronw_ws/MAV_competition_mavros_ws/devel/share/common-lisp/ros/planner_msgs/msg/_package_PlannerLogger.lisp)
Linked: (/home/slam01/dronw_ws/MAV_competition_mavros_ws/devel/.private/planner_msgs/share/planner_msgs/cmake/planner_msgsConfig-version.cmake, /home/slam01/dronw_ws/MAV_competition_mavros_ws/devel/share/planner_msgs/cmake/planner_msgsConfig-version.cmake)
Linked: (/home/slam01/dronw_ws/MAV_competition_mavros_ws/devel/.private/planner_msgs/share/planner_msgs/cmake/planner_msgs-msg-extras.cmake, /home/slam01/dronw_ws/MAV_competition_mavros_ws/devel/share/planner_msgs/cmake/planner_msgs-msg-extras.cmake)
Linked: (/home/slam01/dronw_ws/MAV_competition_mavros_ws/devel/.private/planner_msgs/share/planner_msgs/cmake/planner_msgsConfig.cmake, /home/slam01/dronw_ws/MAV_competition_mavros_ws/devel/share/planner_msgs/cmake/planner_msgsConfig.cmake)
Linked: (/home/slam01/dronw_ws/MAV_competition_mavros_ws/devel/.private/planner_msgs/share/planner_msgs/cmake/planner_msgs-msg-paths.cmake, /home/slam01/dronw_ws/MAV_competition_mavros_ws/devel/share/planner_msgs/cmake/planner_msgs-msg-paths.cmake)
Linked: (/home/slam01/dronw_ws/MAV_competition_mavros_ws/devel/.private/planner_msgs/share/roseus/ros/planner_msgs/manifest.l, /home/slam01/dronw_ws/MAV_competition_mavros_ws/devel/share/roseus/ros/planner_msgs/manifest.l)
Linked: (/home/slam01/dronw_ws/MAV_competition_mavros_ws/devel/.private/planner_msgs/share/roseus/ros/planner_msgs/srv/planner_set_vel.l, /home/slam01/dronw_ws/MAV_competition_mavros_ws/devel/share/roseus/ros/planner_msgs/srv/planner_set_vel.l)
Linked: (/home/slam01/dronw_ws/MAV_competition_mavros_ws/devel/.private/planner_msgs/share/roseus/ros/planner_msgs/srv/planner_global.l, /home/slam01/dronw_ws/MAV_competition_mavros_ws/devel/share/roseus/ros/planner_msgs/srv/planner_global.l)
Linked: (/home/slam01/dronw_ws/MAV_competition_mavros_ws/devel/.private/planner_msgs/share/roseus/ros/planner_msgs/srv/pci_to_waypoint.l, /home/slam01/dronw_ws/MAV_competition_mavros_ws/devel/share/roseus/ros/planner_msgs/srv/pci_to_waypoint.l)
Linked: (/home/slam01/dronw_ws/MAV_competition_mavros_ws/devel/.private/planner_msgs/share/roseus/ros/planner_msgs/srv/planner_request_path.l, /home/slam01/dronw_ws/MAV_competition_mavros_ws/devel/share/roseus/ros/planner_msgs/srv/planner_request_path.l)
Linked: (/home/slam01/dronw_ws/MAV_competition_mavros_ws/devel/.private/planner_msgs/share/roseus/ros/planner_msgs/srv/pci_geofence.l, /home/slam01/dronw_ws/MAV_competition_mavros_ws/devel/share/roseus/ros/planner_msgs/srv/pci_geofence.l)
Linked: (/home/slam01/dronw_ws/MAV_competition_mavros_ws/devel/.private/planner_msgs/share/roseus/ros/planner_msgs/srv/pci_stop.l, /home/slam01/dronw_ws/MAV_competition_mavros_ws/devel/share/roseus/ros/planner_msgs/srv/pci_stop.l)
Linked: (/home/slam01/dronw_ws/MAV_competition_mavros_ws/devel/.private/planner_msgs/share/roseus/ros/planner_msgs/srv/planner_set_global_bound.l, /home/slam01/dronw_ws/MAV_competition_mavros_ws/devel/share/roseus/ros/planner_msgs/srv/planner_set_global_bound.l)
Linked: (/home/slam01/dronw_ws/MAV_competition_mavros_ws/devel/.private/planner_msgs/share/roseus/ros/planner_msgs/srv/pci_homing_trigger.l, /home/slam01/dronw_ws/MAV_competition_mavros_ws/devel/share/roseus/ros/planner_msgs/srv/pci_homing_trigger.l)
Linked: (/home/slam01/dronw_ws/MAV_competition_mavros_ws/devel/.private/planner_msgs/share/roseus/ros/planner_msgs/srv/pci_global.l, /home/slam01/dronw_ws/MAV_competition_mavros_ws/devel/share/roseus/ros/planner_msgs/srv/pci_global.l)
Linked: (/home/slam01/dronw_ws/MAV_competition_mavros_ws/devel/.private/planner_msgs/share/roseus/ros/planner_msgs/srv/planner_srv.l, /home/slam01/dronw_ws/MAV_competition_mavros_ws/devel/share/roseus/ros/planner_msgs/srv/planner_srv.l)
Linked: (/home/slam01/dronw_ws/MAV_competition_mavros_ws/devel/.private/planner_msgs/share/roseus/ros/planner_msgs/srv/planner_set_homing_pos.l, /home/slam01/dronw_ws/MAV_competition_mavros_ws/devel/share/roseus/ros/planner_msgs/srv/planner_set_homing_pos.l)
Linked: (/home/slam01/dronw_ws/MAV_competition_mavros_ws/devel/.private/planner_msgs/share/roseus/ros/planner_msgs/srv/planner_geofence.l, /home/slam01/dronw_ws/MAV_competition_mavros_ws/devel/share/roseus/ros/planner_msgs/srv/planner_geofence.l)
Linked: (/home/slam01/dronw_ws/MAV_competition_mavros_ws/devel/.private/planner_msgs/share/roseus/ros/planner_msgs/srv/pci_trigger.l, /home/slam01/dronw_ws/MAV_competition_mavros_ws/devel/share/roseus/ros/planner_msgs/srv/pci_trigger.l)
Linked: (/home/slam01/dronw_ws/MAV_competition_mavros_ws/devel/.private/planner_msgs/share/roseus/ros/planner_msgs/srv/pci_initialization.l, /home/slam01/dronw_ws/MAV_competition_mavros_ws/devel/share/roseus/ros/planner_msgs/srv/pci_initialization.l)
Linked: (/home/slam01/dronw_ws/MAV_competition_mavros_ws/devel/.private/planner_msgs/share/roseus/ros/planner_msgs/srv/planner_homing.l, /home/slam01/dronw_ws/MAV_competition_mavros_ws/devel/share/roseus/ros/planner_msgs/srv/planner_homing.l)
Linked: (/home/slam01/dronw_ws/MAV_competition_mavros_ws/devel/.private/planner_msgs/share/roseus/ros/planner_msgs/srv/pci_set_homing_pos.l, /home/slam01/dronw_ws/MAV_competition_mavros_ws/devel/share/roseus/ros/planner_msgs/srv/pci_set_homing_pos.l)
Linked: (/home/slam01/dronw_ws/MAV_competition_mavros_ws/devel/.private/planner_msgs/share/roseus/ros/planner_msgs/msg/ExecutionPathMode.l, /home/slam01/dronw_ws/MAV_competition_mavros_ws/devel/share/roseus/ros/planner_msgs/msg/ExecutionPathMode.l)
Linked: (/home/slam01/dronw_ws/MAV_competition_mavros_ws/devel/.private/planner_msgs/share/roseus/ros/planner_msgs/msg/BoundMode.l, /home/slam01/dronw_ws/MAV_competition_mavros_ws/devel/share/roseus/ros/planner_msgs/msg/BoundMode.l)
Linked: (/home/slam01/dronw_ws/MAV_competition_mavros_ws/devel/.private/planner_msgs/share/roseus/ros/planner_msgs/msg/RectangleShape.l, /home/slam01/dronw_ws/MAV_competition_mavros_ws/devel/share/roseus/ros/planner_msgs/msg/RectangleShape.l)
Linked: (/home/slam01/dronw_ws/MAV_competition_mavros_ws/devel/.private/planner_msgs/share/roseus/ros/planner_msgs/msg/TriggerMode.l, /home/slam01/dronw_ws/MAV_competition_mavros_ws/devel/share/roseus/ros/planner_msgs/msg/TriggerMode.l)
Linked: (/home/slam01/dronw_ws/MAV_competition_mavros_ws/devel/.private/planner_msgs/share/roseus/ros/planner_msgs/msg/PlannerStatus.l, /home/slam01/dronw_ws/MAV_competition_mavros_ws/devel/share/roseus/ros/planner_msgs/msg/PlannerStatus.l)
Linked: (/home/slam01/dronw_ws/MAV_competition_mavros_ws/devel/.private/planner_msgs/share/roseus/ros/planner_msgs/msg/PlannerLogger.l, /home/slam01/dronw_ws/MAV_competition_mavros_ws/devel/share/roseus/ros/planner_msgs/msg/PlannerLogger.l)
Linked: (/home/slam01/dronw_ws/MAV_competition_mavros_ws/devel/.private/planner_msgs/share/roseus/ros/planner_msgs/msg/PlanningMode.l, /home/slam01/dronw_ws/MAV_competition_mavros_ws/devel/share/roseus/ros/planner_msgs/msg/PlanningMode.l)
Linked: (/home/slam01/dronw_ws/MAV_competition_mavros_ws/devel/.private/planner_msgs/share/roseus/ros/planner_msgs/msg/RobotStatus.l, /home/slam01/dronw_ws/MAV_competition_mavros_ws/devel/share/roseus/ros/planner_msgs/msg/RobotStatus.l)
Linked: (/home/slam01/dronw_ws/MAV_competition_mavros_ws/devel/.private/planner_msgs/share/roseus/ros/planner_msgs/msg/PlanningBound.l, /home/slam01/dronw_ws/MAV_competition_mavros_ws/devel/share/roseus/ros/planner_msgs/msg/PlanningBound.l)
Linked: (/home/slam01/dronw_ws/MAV_competition_mavros_ws/devel/.private/planner_msgs/share/gennodejs/ros/planner_msgs/_index.js, /home/slam01/dronw_ws/MAV_competition_mavros_ws/devel/share/gennodejs/ros/planner_msgs/_index.js)
Linked: (/home/slam01/dronw_ws/MAV_competition_mavros_ws/devel/.private/planner_msgs/share/gennodejs/ros/planner_msgs/srv/pci_initialization.js, /home/slam01/dronw_ws/MAV_competition_mavros_ws/devel/share/gennodejs/ros/planner_msgs/srv/pci_initialization.js)
Linked: (/home/slam01/dronw_ws/MAV_competition_mavros_ws/devel/.private/planner_msgs/share/gennodejs/ros/planner_msgs/srv/planner_srv.js, /home/slam01/dronw_ws/MAV_competition_mavros_ws/devel/share/gennodejs/ros/planner_msgs/srv/planner_srv.js)
Linked: (/home/slam01/dronw_ws/MAV_competition_mavros_ws/devel/.private/planner_msgs/share/gennodejs/ros/planner_msgs/srv/pci_homing_trigger.js, /home/slam01/dronw_ws/MAV_competition_mavros_ws/devel/share/gennodejs/ros/planner_msgs/srv/pci_homing_trigger.js)
Linked: (/home/slam01/dronw_ws/MAV_competition_mavros_ws/devel/.private/planner_msgs/share/gennodejs/ros/planner_msgs/srv/pci_set_homing_pos.js, /home/slam01/dronw_ws/MAV_competition_mavros_ws/devel/share/gennodejs/ros/planner_msgs/srv/pci_set_homing_pos.js)
Linked: (/home/slam01/dronw_ws/MAV_competition_mavros_ws/devel/.private/planner_msgs/share/gennodejs/ros/planner_msgs/srv/pci_trigger.js, /home/slam01/dronw_ws/MAV_competition_mavros_ws/devel/share/gennodejs/ros/planner_msgs/srv/pci_trigger.js)
Linked: (/home/slam01/dronw_ws/MAV_competition_mavros_ws/devel/.private/planner_msgs/share/gennodejs/ros/planner_msgs/srv/pci_geofence.js, /home/slam01/dronw_ws/MAV_competition_mavros_ws/devel/share/gennodejs/ros/planner_msgs/srv/pci_geofence.js)
Linked: (/home/slam01/dronw_ws/MAV_competition_mavros_ws/devel/.private/planner_msgs/share/gennodejs/ros/planner_msgs/srv/pci_stop.js, /home/slam01/dronw_ws/MAV_competition_mavros_ws/devel/share/gennodejs/ros/planner_msgs/srv/pci_stop.js)
Linked: (/home/slam01/dronw_ws/MAV_competition_mavros_ws/devel/.private/planner_msgs/share/gennodejs/ros/planner_msgs/srv/planner_set_vel.js, /home/slam01/dronw_ws/MAV_competition_mavros_ws/devel/share/gennodejs/ros/planner_msgs/srv/planner_set_vel.js)
Linked: (/home/slam01/dronw_ws/MAV_competition_mavros_ws/devel/.private/planner_msgs/share/gennodejs/ros/planner_msgs/srv/planner_set_homing_pos.js, /home/slam01/dronw_ws/MAV_competition_mavros_ws/devel/share/gennodejs/ros/planner_msgs/srv/planner_set_homing_pos.js)
Linked: (/home/slam01/dronw_ws/MAV_competition_mavros_ws/devel/.private/planner_msgs/share/gennodejs/ros/planner_msgs/srv/planner_global.js, /home/slam01/dronw_ws/MAV_competition_mavros_ws/devel/share/gennodejs/ros/planner_msgs/srv/planner_global.js)
Linked: (/home/slam01/dronw_ws/MAV_competition_mavros_ws/devel/.private/planner_msgs/share/gennodejs/ros/planner_msgs/srv/_index.js, /home/slam01/dronw_ws/MAV_competition_mavros_ws/devel/share/gennodejs/ros/planner_msgs/srv/_index.js)
Linked: (/home/slam01/dronw_ws/MAV_competition_mavros_ws/devel/.private/planner_msgs/share/gennodejs/ros/planner_msgs/srv/pci_to_waypoint.js, /home/slam01/dronw_ws/MAV_competition_mavros_ws/devel/share/gennodejs/ros/planner_msgs/srv/pci_to_waypoint.js)
Linked: (/home/slam01/dronw_ws/MAV_competition_mavros_ws/devel/.private/planner_msgs/share/gennodejs/ros/planner_msgs/srv/planner_homing.js, /home/slam01/dronw_ws/MAV_competition_mavros_ws/devel/share/gennodejs/ros/planner_msgs/srv/planner_homing.js)
Linked: (/home/slam01/dronw_ws/MAV_competition_mavros_ws/devel/.private/planner_msgs/share/gennodejs/ros/planner_msgs/srv/planner_set_global_bound.js, /home/slam01/dronw_ws/MAV_competition_mavros_ws/devel/share/gennodejs/ros/planner_msgs/srv/planner_set_global_bound.js)
Linked: (/home/slam01/dronw_ws/MAV_competition_mavros_ws/devel/.private/planner_msgs/share/gennodejs/ros/planner_msgs/srv/pci_global.js, /home/slam01/dronw_ws/MAV_competition_mavros_ws/devel/share/gennodejs/ros/planner_msgs/srv/pci_global.js)
Linked: (/home/slam01/dronw_ws/MAV_competition_mavros_ws/devel/.private/planner_msgs/share/gennodejs/ros/planner_msgs/srv/planner_geofence.js, /home/slam01/dronw_ws/MAV_competition_mavros_ws/devel/share/gennodejs/ros/planner_msgs/srv/planner_geofence.js)
Linked: (/home/slam01/dronw_ws/MAV_competition_mavros_ws/devel/.private/planner_msgs/share/gennodejs/ros/planner_msgs/srv/planner_request_path.js, /home/slam01/dronw_ws/MAV_competition_mavros_ws/devel/share/gennodejs/ros/planner_msgs/srv/planner_request_path.js)
Linked: (/home/slam01/dronw_ws/MAV_competition_mavros_ws/devel/.private/planner_msgs/share/gennodejs/ros/planner_msgs/msg/TriggerMode.js, /home/slam01/dronw_ws/MAV_competition_mavros_ws/devel/share/gennodejs/ros/planner_msgs/msg/TriggerMode.js)
Linked: (/home/slam01/dronw_ws/MAV_competition_mavros_ws/devel/.private/planner_msgs/share/gennodejs/ros/planner_msgs/msg/PlanningMode.js, /home/slam01/dronw_ws/MAV_competition_mavros_ws/devel/share/gennodejs/ros/planner_msgs/msg/PlanningMode.js)
Linked: (/home/slam01/dronw_ws/MAV_competition_mavros_ws/devel/.private/planner_msgs/share/gennodejs/ros/planner_msgs/msg/PlanningBound.js, /home/slam01/dronw_ws/MAV_competition_mavros_ws/devel/share/gennodejs/ros/planner_msgs/msg/PlanningBound.js)
Linked: (/home/slam01/dronw_ws/MAV_competition_mavros_ws/devel/.private/planner_msgs/share/gennodejs/ros/planner_msgs/msg/PlannerLogger.js, /home/slam01/dronw_ws/MAV_competition_mavros_ws/devel/share/gennodejs/ros/planner_msgs/msg/PlannerLogger.js)
Linked: (/home/slam01/dronw_ws/MAV_competition_mavros_ws/devel/.private/planner_msgs/share/gennodejs/ros/planner_msgs/msg/BoundMode.js, /home/slam01/dronw_ws/MAV_competition_mavros_ws/devel/share/gennodejs/ros/planner_msgs/msg/BoundMode.js)
Linked: (/home/slam01/dronw_ws/MAV_competition_mavros_ws/devel/.private/planner_msgs/share/gennodejs/ros/planner_msgs/msg/PlannerStatus.js, /home/slam01/dronw_ws/MAV_competition_mavros_ws/devel/share/gennodejs/ros/planner_msgs/msg/PlannerStatus.js)
Linked: (/home/slam01/dronw_ws/MAV_competition_mavros_ws/devel/.private/planner_msgs/share/gennodejs/ros/planner_msgs/msg/ExecutionPathMode.js, /home/slam01/dronw_ws/MAV_competition_mavros_ws/devel/share/gennodejs/ros/planner_msgs/msg/ExecutionPathMode.js)
Linked: (/home/slam01/dronw_ws/MAV_competition_mavros_ws/devel/.private/planner_msgs/share/gennodejs/ros/planner_msgs/msg/_index.js, /home/slam01/dronw_ws/MAV_competition_mavros_ws/devel/share/gennodejs/ros/planner_msgs/msg/_index.js)
Linked: (/home/slam01/dronw_ws/MAV_competition_mavros_ws/devel/.private/planner_msgs/share/gennodejs/ros/planner_msgs/msg/RobotStatus.js, /home/slam01/dronw_ws/MAV_competition_mavros_ws/devel/share/gennodejs/ros/planner_msgs/msg/RobotStatus.js)
Linked: (/home/slam01/dronw_ws/MAV_competition_mavros_ws/devel/.private/planner_msgs/share/gennodejs/ros/planner_msgs/msg/RectangleShape.js, /home/slam01/dronw_ws/MAV_competition_mavros_ws/devel/share/gennodejs/ros/planner_msgs/msg/RectangleShape.js)
Linked: (/home/slam01/dronw_ws/MAV_competition_mavros_ws/devel/.private/planner_msgs/include/planner_msgs/planner_request_pathRequest.h, /home/slam01/dronw_ws/MAV_competition_mavros_ws/devel/include/planner_msgs/planner_request_pathRequest.h)
Linked: (/home/slam01/dronw_ws/MAV_competition_mavros_ws/devel/.private/planner_msgs/include/planner_msgs/planner_srvResponse.h, /home/slam01/dronw_ws/MAV_competition_mavros_ws/devel/include/planner_msgs/planner_srvResponse.h)
Linked: (/home/slam01/dronw_ws/MAV_competition_mavros_ws/devel/.private/planner_msgs/include/planner_msgs/planner_globalRequest.h, /home/slam01/dronw_ws/MAV_competition_mavros_ws/devel/include/planner_msgs/planner_globalRequest.h)
Linked: (/home/slam01/dronw_ws/MAV_competition_mavros_ws/devel/.private/planner_msgs/include/planner_msgs/pci_homing_triggerRequest.h, /home/slam01/dronw_ws/MAV_competition_mavros_ws/devel/include/planner_msgs/pci_homing_triggerRequest.h)
Linked: (/home/slam01/dronw_ws/MAV_competition_mavros_ws/devel/.private/planner_msgs/include/planner_msgs/planner_geofence.h, /home/slam01/dronw_ws/MAV_competition_mavros_ws/devel/include/planner_msgs/planner_geofence.h)
Linked: (/home/slam01/dronw_ws/MAV_competition_mavros_ws/devel/.private/planner_msgs/include/planner_msgs/planner_global.h, /home/slam01/dronw_ws/MAV_competition_mavros_ws/devel/include/planner_msgs/planner_global.h)
Linked: (/home/slam01/dronw_ws/MAV_competition_mavros_ws/devel/.private/planner_msgs/include/planner_msgs/pci_initializationResponse.h, /home/slam01/dronw_ws/MAV_competition_mavros_ws/devel/include/planner_msgs/pci_initializationResponse.h)
Linked: (/home/slam01/dronw_ws/MAV_competition_mavros_ws/devel/.private/planner_msgs/include/planner_msgs/pci_to_waypointRequest.h, /home/slam01/dronw_ws/MAV_competition_mavros_ws/devel/include/planner_msgs/pci_to_waypointRequest.h)
Linked: (/home/slam01/dronw_ws/MAV_competition_mavros_ws/devel/.private/planner_msgs/include/planner_msgs/planner_request_path.h, /home/slam01/dronw_ws/MAV_competition_mavros_ws/devel/include/planner_msgs/planner_request_path.h)
Linked: (/home/slam01/dronw_ws/MAV_competition_mavros_ws/devel/.private/planner_msgs/include/planner_msgs/planner_set_velResponse.h, /home/slam01/dronw_ws/MAV_competition_mavros_ws/devel/include/planner_msgs/planner_set_velResponse.h)
Linked: (/home/slam01/dronw_ws/MAV_competition_mavros_ws/devel/.private/planner_msgs/include/planner_msgs/TriggerMode.h, /home/slam01/dronw_ws/MAV_competition_mavros_ws/devel/include/planner_msgs/TriggerMode.h)
Linked: (/home/slam01/dronw_ws/MAV_competition_mavros_ws/devel/.private/planner_msgs/include/planner_msgs/pci_to_waypointResponse.h, /home/slam01/dronw_ws/MAV_competition_mavros_ws/devel/include/planner_msgs/pci_to_waypointResponse.h)
Linked: (/home/slam01/dronw_ws/MAV_competition_mavros_ws/devel/.private/planner_msgs/include/planner_msgs/RectangleShape.h, /home/slam01/dronw_ws/MAV_competition_mavros_ws/devel/include/planner_msgs/RectangleShape.h)
Linked: (/home/slam01/dronw_ws/MAV_competition_mavros_ws/devel/.private/planner_msgs/include/planner_msgs/pci_initializationRequest.h, /home/slam01/dronw_ws/MAV_competition_mavros_ws/devel/include/planner_msgs/pci_initializationRequest.h)
Linked: (/home/slam01/dronw_ws/MAV_competition_mavros_ws/devel/.private/planner_msgs/include/planner_msgs/PlannerLogger.h, /home/slam01/dronw_ws/MAV_competition_mavros_ws/devel/include/planner_msgs/PlannerLogger.h)
Linked: (/home/slam01/dronw_ws/MAV_competition_mavros_ws/devel/.private/planner_msgs/include/planner_msgs/pci_homing_triggerResponse.h, /home/slam01/dronw_ws/MAV_competition_mavros_ws/devel/include/planner_msgs/pci_homing_triggerResponse.h)
Linked: (/home/slam01/dronw_ws/MAV_competition_mavros_ws/devel/.private/planner_msgs/include/planner_msgs/pci_triggerRequest.h, /home/slam01/dronw_ws/MAV_competition_mavros_ws/devel/include/planner_msgs/pci_triggerRequest.h)
Linked: (/home/slam01/dronw_ws/MAV_competition_mavros_ws/devel/.private/planner_msgs/include/planner_msgs/planner_set_homing_posRequest.h, /home/slam01/dronw_ws/MAV_competition_mavros_ws/devel/include/planner_msgs/planner_set_homing_posRequest.h)
Linked: (/home/slam01/dronw_ws/MAV_competition_mavros_ws/devel/.private/planner_msgs/include/planner_msgs/pci_geofence.h, /home/slam01/dronw_ws/MAV_competition_mavros_ws/devel/include/planner_msgs/pci_geofence.h)
Linked: (/home/slam01/dronw_ws/MAV_competition_mavros_ws/devel/.private/planner_msgs/include/planner_msgs/pci_stopRequest.h, /home/slam01/dronw_ws/MAV_competition_mavros_ws/devel/include/planner_msgs/pci_stopRequest.h)
Linked: (/home/slam01/dronw_ws/MAV_competition_mavros_ws/devel/.private/planner_msgs/include/planner_msgs/planner_set_global_boundRequest.h, /home/slam01/dronw_ws/MAV_competition_mavros_ws/devel/include/planner_msgs/planner_set_global_boundRequest.h)
Linked: (/home/slam01/dronw_ws/MAV_competition_mavros_ws/devel/.private/planner_msgs/include/planner_msgs/planner_set_global_boundResponse.h, /home/slam01/dronw_ws/MAV_competition_mavros_ws/devel/include/planner_msgs/planner_set_global_boundResponse.h)
Linked: (/home/slam01/dronw_ws/MAV_competition_mavros_ws/devel/.private/planner_msgs/include/planner_msgs/planner_geofenceResponse.h, /home/slam01/dronw_ws/MAV_competition_mavros_ws/devel/include/planner_msgs/planner_geofenceResponse.h)
Linked: (/home/slam01/dronw_ws/MAV_competition_mavros_ws/devel/.private/planner_msgs/include/planner_msgs/planner_set_velRequest.h, /home/slam01/dronw_ws/MAV_competition_mavros_ws/devel/include/planner_msgs/planner_set_velRequest.h)
Linked: (/home/slam01/dronw_ws/MAV_competition_mavros_ws/devel/.private/planner_msgs/include/planner_msgs/planner_srvRequest.h, /home/slam01/dronw_ws/MAV_competition_mavros_ws/devel/include/planner_msgs/planner_srvRequest.h)
Linked: (/home/slam01/dronw_ws/MAV_competition_mavros_ws/devel/.private/planner_msgs/include/planner_msgs/planner_homingResponse.h, /home/slam01/dronw_ws/MAV_competition_mavros_ws/devel/include/planner_msgs/planner_homingResponse.h)
Linked: (/home/slam01/dronw_ws/MAV_competition_mavros_ws/devel/.private/planner_msgs/include/planner_msgs/pci_set_homing_posResponse.h, /home/slam01/dronw_ws/MAV_competition_mavros_ws/devel/include/planner_msgs/pci_set_homing_posResponse.h)
Linked: (/home/slam01/dronw_ws/MAV_competition_mavros_ws/devel/.private/planner_msgs/include/planner_msgs/pci_globalResponse.h, /home/slam01/dronw_ws/MAV_competition_mavros_ws/devel/include/planner_msgs/pci_globalResponse.h)
Linked: (/home/slam01/dronw_ws/MAV_competition_mavros_ws/devel/.private/planner_msgs/include/planner_msgs/planner_set_vel.h, /home/slam01/dronw_ws/MAV_competition_mavros_ws/devel/include/planner_msgs/planner_set_vel.h)
Linked: (/home/slam01/dronw_ws/MAV_competition_mavros_ws/devel/.private/planner_msgs/include/planner_msgs/planner_geofenceRequest.h, /home/slam01/dronw_ws/MAV_competition_mavros_ws/devel/include/planner_msgs/planner_geofenceRequest.h)
Linked: (/home/slam01/dronw_ws/MAV_competition_mavros_ws/devel/.private/planner_msgs/include/planner_msgs/planner_set_homing_posResponse.h, /home/slam01/dronw_ws/MAV_competition_mavros_ws/devel/include/planner_msgs/planner_set_homing_posResponse.h)
Linked: (/home/slam01/dronw_ws/MAV_competition_mavros_ws/devel/.private/planner_msgs/include/planner_msgs/pci_triggerResponse.h, /home/slam01/dronw_ws/MAV_competition_mavros_ws/devel/include/planner_msgs/pci_triggerResponse.h)
Linked: (/home/slam01/dronw_ws/MAV_competition_mavros_ws/devel/.private/planner_msgs/include/planner_msgs/BoundMode.h, /home/slam01/dronw_ws/MAV_competition_mavros_ws/devel/include/planner_msgs/BoundMode.h)
Linked: (/home/slam01/dronw_ws/MAV_competition_mavros_ws/devel/.private/planner_msgs/include/planner_msgs/planner_request_pathResponse.h, /home/slam01/dronw_ws/MAV_competition_mavros_ws/devel/include/planner_msgs/planner_request_pathResponse.h)
Linked: (/home/slam01/dronw_ws/MAV_competition_mavros_ws/devel/.private/planner_msgs/include/planner_msgs/pci_stopResponse.h, /home/slam01/dronw_ws/MAV_competition_mavros_ws/devel/include/planner_msgs/pci_stopResponse.h)
Linked: (/home/slam01/dronw_ws/MAV_competition_mavros_ws/devel/.private/planner_msgs/include/planner_msgs/pci_geofenceRequest.h, /home/slam01/dronw_ws/MAV_competition_mavros_ws/devel/include/planner_msgs/pci_geofenceRequest.h)
Linked: (/home/slam01/dronw_ws/MAV_competition_mavros_ws/devel/.private/planner_msgs/include/planner_msgs/planner_set_homing_pos.h, /home/slam01/dronw_ws/MAV_competition_mavros_ws/devel/include/planner_msgs/planner_set_homing_pos.h)
Linked: (/home/slam01/dronw_ws/MAV_competition_mavros_ws/devel/.private/planner_msgs/include/planner_msgs/ExecutionPathMode.h, /home/slam01/dronw_ws/MAV_competition_mavros_ws/devel/include/planner_msgs/ExecutionPathMode.h)
Linked: (/home/slam01/dronw_ws/MAV_competition_mavros_ws/devel/.private/planner_msgs/include/planner_msgs/pci_to_waypoint.h, /home/slam01/dronw_ws/MAV_competition_mavros_ws/devel/include/planner_msgs/pci_to_waypoint.h)
Linked: (/home/slam01/dronw_ws/MAV_competition_mavros_ws/devel/.private/planner_msgs/include/planner_msgs/pci_homing_trigger.h, /home/slam01/dronw_ws/MAV_competition_mavros_ws/devel/include/planner_msgs/pci_homing_trigger.h)
Linked: (/home/slam01/dronw_ws/MAV_competition_mavros_ws/devel/.private/planner_msgs/include/planner_msgs/pci_trigger.h, /home/slam01/dronw_ws/MAV_competition_mavros_ws/devel/include/planner_msgs/pci_trigger.h)
Linked: (/home/slam01/dronw_ws/MAV_competition_mavros_ws/devel/.private/planner_msgs/include/planner_msgs/pci_set_homing_pos.h, /home/slam01/dronw_ws/MAV_competition_mavros_ws/devel/include/planner_msgs/pci_set_homing_pos.h)
Linked: (/home/slam01/dronw_ws/MAV_competition_mavros_ws/devel/.private/planner_msgs/include/planner_msgs/planner_globalResponse.h, /home/slam01/dronw_ws/MAV_competition_mavros_ws/devel/include/planner_msgs/planner_globalResponse.h)
Linked: (/home/slam01/dronw_ws/MAV_competition_mavros_ws/devel/.private/planner_msgs/include/planner_msgs/pci_stop.h, /home/slam01/dronw_ws/MAV_competition_mavros_ws/devel/include/planner_msgs/pci_stop.h)
Linked: (/home/slam01/dronw_ws/MAV_competition_mavros_ws/devel/.private/planner_msgs/include/planner_msgs/pci_globalRequest.h, /home/slam01/dronw_ws/MAV_competition_mavros_ws/devel/include/planner_msgs/pci_globalRequest.h)
Linked: (/home/slam01/dronw_ws/MAV_competition_mavros_ws/devel/.private/planner_msgs/include/planner_msgs/planner_set_global_bound.h, /home/slam01/dronw_ws/MAV_competition_mavros_ws/devel/include/planner_msgs/planner_set_global_bound.h)
Linked: (/home/slam01/dronw_ws/MAV_competition_mavros_ws/devel/.private/planner_msgs/include/planner_msgs/planner_homingRequest.h, /home/slam01/dronw_ws/MAV_competition_mavros_ws/devel/include/planner_msgs/planner_homingRequest.h)
Linked: (/home/slam01/dronw_ws/MAV_competition_mavros_ws/devel/.private/planner_msgs/include/planner_msgs/planner_homing.h, /home/slam01/dronw_ws/MAV_competition_mavros_ws/devel/include/planner_msgs/planner_homing.h)
Linked: (/home/slam01/dronw_ws/MAV_competition_mavros_ws/devel/.private/planner_msgs/include/planner_msgs/PlannerStatus.h, /home/slam01/dronw_ws/MAV_competition_mavros_ws/devel/include/planner_msgs/PlannerStatus.h)
Linked: (/home/slam01/dronw_ws/MAV_competition_mavros_ws/devel/.private/planner_msgs/include/planner_msgs/pci_initialization.h, /home/slam01/dronw_ws/MAV_competition_mavros_ws/devel/include/planner_msgs/pci_initialization.h)
Linked: (/home/slam01/dronw_ws/MAV_competition_mavros_ws/devel/.private/planner_msgs/include/planner_msgs/RobotStatus.h, /home/slam01/dronw_ws/MAV_competition_mavros_ws/devel/include/planner_msgs/RobotStatus.h)
Linked: (/home/slam01/dronw_ws/MAV_competition_mavros_ws/devel/.private/planner_msgs/include/planner_msgs/pci_geofenceResponse.h, /home/slam01/dronw_ws/MAV_competition_mavros_ws/devel/include/planner_msgs/pci_geofenceResponse.h)
Linked: (/home/slam01/dronw_ws/MAV_competition_mavros_ws/devel/.private/planner_msgs/include/planner_msgs/PlanningBound.h, /home/slam01/dronw_ws/MAV_competition_mavros_ws/devel/include/planner_msgs/PlanningBound.h)
Linked: (/home/slam01/dronw_ws/MAV_competition_mavros_ws/devel/.private/planner_msgs/include/planner_msgs/PlanningMode.h, /home/slam01/dronw_ws/MAV_competition_mavros_ws/devel/include/planner_msgs/PlanningMode.h)
Linked: (/home/slam01/dronw_ws/MAV_competition_mavros_ws/devel/.private/planner_msgs/include/planner_msgs/pci_set_homing_posRequest.h, /home/slam01/dronw_ws/MAV_competition_mavros_ws/devel/include/planner_msgs/pci_set_homing_posRequest.h)
Linked: (/home/slam01/dronw_ws/MAV_competition_mavros_ws/devel/.private/planner_msgs/include/planner_msgs/pci_global.h, /home/slam01/dronw_ws/MAV_competition_mavros_ws/devel/include/planner_msgs/pci_global.h)
Linked: (/home/slam01/dronw_ws/MAV_competition_mavros_ws/devel/.private/planner_msgs/include/planner_msgs/planner_srv.h, /home/slam01/dronw_ws/MAV_competition_mavros_ws/devel/include/planner_msgs/planner_srv.h)
Linked: (/home/slam01/dronw_ws/MAV_competition_mavros_ws/devel/.private/planner_msgs/lib/pkgconfig/planner_msgs.pc, /home/slam01/dronw_ws/MAV_competition_mavros_ws/devel/lib/pkgconfig/planner_msgs.pc)
Linked: (/home/slam01/dronw_ws/MAV_competition_mavros_ws/devel/.private/planner_msgs/lib/python2.7/dist-packages/planner_msgs/__init__.py, /home/slam01/dronw_ws/MAV_competition_mavros_ws/devel/lib/python2.7/dist-packages/planner_msgs/__init__.py)
Linked: (/home/slam01/dronw_ws/MAV_competition_mavros_ws/devel/.private/planner_msgs/lib/python2.7/dist-packages/planner_msgs/srv/_planner_global.py, /home/slam01/dronw_ws/MAV_competition_mavros_ws/devel/lib/python2.7/dist-packages/planner_msgs/srv/_planner_global.py)
Linked: (/home/slam01/dronw_ws/MAV_competition_mavros_ws/devel/.private/planner_msgs/lib/python2.7/dist-packages/planner_msgs/srv/_planner_set_vel.py, /home/slam01/dronw_ws/MAV_competition_mavros_ws/devel/lib/python2.7/dist-packages/planner_msgs/srv/_planner_set_vel.py)
Linked: (/home/slam01/dronw_ws/MAV_competition_mavros_ws/devel/.private/planner_msgs/lib/python2.7/dist-packages/planner_msgs/srv/_pci_global.py, /home/slam01/dronw_ws/MAV_competition_mavros_ws/devel/lib/python2.7/dist-packages/planner_msgs/srv/_pci_global.py)
Linked: (/home/slam01/dronw_ws/MAV_competition_mavros_ws/devel/.private/planner_msgs/lib/python2.7/dist-packages/planner_msgs/srv/_planner_set_homing_pos.py, /home/slam01/dronw_ws/MAV_competition_mavros_ws/devel/lib/python2.7/dist-packages/planner_msgs/srv/_planner_set_homing_pos.py)
Linked: (/home/slam01/dronw_ws/MAV_competition_mavros_ws/devel/.private/planner_msgs/lib/python2.7/dist-packages/planner_msgs/srv/_planner_srv.py, /home/slam01/dronw_ws/MAV_competition_mavros_ws/devel/lib/python2.7/dist-packages/planner_msgs/srv/_planner_srv.py)
Linked: (/home/slam01/dronw_ws/MAV_competition_mavros_ws/devel/.private/planner_msgs/lib/python2.7/dist-packages/planner_msgs/srv/_pci_geofence.py, /home/slam01/dronw_ws/MAV_competition_mavros_ws/devel/lib/python2.7/dist-packages/planner_msgs/srv/_pci_geofence.py)
Linked: (/home/slam01/dronw_ws/MAV_competition_mavros_ws/devel/.private/planner_msgs/lib/python2.7/dist-packages/planner_msgs/srv/_pci_to_waypoint.py, /home/slam01/dronw_ws/MAV_competition_mavros_ws/devel/lib/python2.7/dist-packages/planner_msgs/srv/_pci_to_waypoint.py)
Linked: (/home/slam01/dronw_ws/MAV_competition_mavros_ws/devel/.private/planner_msgs/lib/python2.7/dist-packages/planner_msgs/srv/_pci_stop.py, /home/slam01/dronw_ws/MAV_competition_mavros_ws/devel/lib/python2.7/dist-packages/planner_msgs/srv/_pci_stop.py)
Linked: (/home/slam01/dronw_ws/MAV_competition_mavros_ws/devel/.private/planner_msgs/lib/python2.7/dist-packages/planner_msgs/srv/_pci_set_homing_pos.py, /home/slam01/dronw_ws/MAV_competition_mavros_ws/devel/lib/python2.7/dist-packages/planner_msgs/srv/_pci_set_homing_pos.py)
Linked: (/home/slam01/dronw_ws/MAV_competition_mavros_ws/devel/.private/planner_msgs/lib/python2.7/dist-packages/planner_msgs/srv/_planner_set_global_bound.py, /home/slam01/dronw_ws/MAV_competition_mavros_ws/devel/lib/python2.7/dist-packages/planner_msgs/srv/_planner_set_global_bound.py)
Linked: (/home/slam01/dronw_ws/MAV_competition_mavros_ws/devel/.private/planner_msgs/lib/python2.7/dist-packages/planner_msgs/srv/_planner_request_path.py, /home/slam01/dronw_ws/MAV_competition_mavros_ws/devel/lib/python2.7/dist-packages/planner_msgs/srv/_planner_request_path.py)
Linked: (/home/slam01/dronw_ws/MAV_competition_mavros_ws/devel/.private/planner_msgs/lib/python2.7/dist-packages/planner_msgs/srv/_pci_homing_trigger.py, /home/slam01/dronw_ws/MAV_competition_mavros_ws/devel/lib/python2.7/dist-packages/planner_msgs/srv/_pci_homing_trigger.py)
Linked: (/home/slam01/dronw_ws/MAV_competition_mavros_ws/devel/.private/planner_msgs/lib/python2.7/dist-packages/planner_msgs/srv/_planner_geofence.py, /home/slam01/dronw_ws/MAV_competition_mavros_ws/devel/lib/python2.7/dist-packages/planner_msgs/srv/_planner_geofence.py)
Linked: (/home/slam01/dronw_ws/MAV_competition_mavros_ws/devel/.private/planner_msgs/lib/python2.7/dist-packages/planner_msgs/srv/_planner_homing.py, /home/slam01/dronw_ws/MAV_competition_mavros_ws/devel/lib/python2.7/dist-packages/planner_msgs/srv/_planner_homing.py)
Linked: (/home/slam01/dronw_ws/MAV_competition_mavros_ws/devel/.private/planner_msgs/lib/python2.7/dist-packages/planner_msgs/srv/_pci_trigger.py, /home/slam01/dronw_ws/MAV_competition_mavros_ws/devel/lib/python2.7/dist-packages/planner_msgs/srv/_pci_trigger.py)
Linked: (/home/slam01/dronw_ws/MAV_competition_mavros_ws/devel/.private/planner_msgs/lib/python2.7/dist-packages/planner_msgs/srv/_pci_initialization.py, /home/slam01/dronw_ws/MAV_competition_mavros_ws/devel/lib/python2.7/dist-packages/planner_msgs/srv/_pci_initialization.py)
Linked: (/home/slam01/dronw_ws/MAV_competition_mavros_ws/devel/.private/planner_msgs/lib/python2.7/dist-packages/planner_msgs/srv/__init__.py, /home/slam01/dronw_ws/MAV_competition_mavros_ws/devel/lib/python2.7/dist-packages/planner_msgs/srv/__init__.py)
Linked: (/home/slam01/dronw_ws/MAV_competition_mavros_ws/devel/.private/planner_msgs/lib/python2.7/dist-packages/planner_msgs/msg/_PlannerStatus.py, /home/slam01/dronw_ws/MAV_competition_mavros_ws/devel/lib/python2.7/dist-packages/planner_msgs/msg/_PlannerStatus.py)
Linked: (/home/slam01/dronw_ws/MAV_competition_mavros_ws/devel/.private/planner_msgs/lib/python2.7/dist-packages/planner_msgs/msg/_ExecutionPathMode.py, /home/slam01/dronw_ws/MAV_competition_mavros_ws/devel/lib/python2.7/dist-packages/planner_msgs/msg/_ExecutionPathMode.py)
Linked: (/home/slam01/dronw_ws/MAV_competition_mavros_ws/devel/.private/planner_msgs/lib/python2.7/dist-packages/planner_msgs/msg/_TriggerMode.py, /home/slam01/dronw_ws/MAV_competition_mavros_ws/devel/lib/python2.7/dist-packages/planner_msgs/msg/_TriggerMode.py)
Linked: (/home/slam01/dronw_ws/MAV_competition_mavros_ws/devel/.private/planner_msgs/lib/python2.7/dist-packages/planner_msgs/msg/_RectangleShape.py, /home/slam01/dronw_ws/MAV_competition_mavros_ws/devel/lib/python2.7/dist-packages/planner_msgs/msg/_RectangleShape.py)
Linked: (/home/slam01/dronw_ws/MAV_competition_mavros_ws/devel/.private/planner_msgs/lib/python2.7/dist-packages/planner_msgs/msg/_BoundMode.py, /home/slam01/dronw_ws/MAV_competition_mavros_ws/devel/lib/python2.7/dist-packages/planner_msgs/msg/_BoundMode.py)
Linked: (/home/slam01/dronw_ws/MAV_competition_mavros_ws/devel/.private/planner_msgs/lib/python2.7/dist-packages/planner_msgs/msg/_PlannerLogger.py, /home/slam01/dronw_ws/MAV_competition_mavros_ws/devel/lib/python2.7/dist-packages/planner_msgs/msg/_PlannerLogger.py)
Linked: (/home/slam01/dronw_ws/MAV_competition_mavros_ws/devel/.private/planner_msgs/lib/python2.7/dist-packages/planner_msgs/msg/_PlanningBound.py, /home/slam01/dronw_ws/MAV_competition_mavros_ws/devel/lib/python2.7/dist-packages/planner_msgs/msg/_PlanningBound.py)
Linked: (/home/slam01/dronw_ws/MAV_competition_mavros_ws/devel/.private/planner_msgs/lib/python2.7/dist-packages/planner_msgs/msg/__init__.py, /home/slam01/dronw_ws/MAV_competition_mavros_ws/devel/lib/python2.7/dist-packages/planner_msgs/msg/__init__.py)
Linked: (/home/slam01/dronw_ws/MAV_competition_mavros_ws/devel/.private/planner_msgs/lib/python2.7/dist-packages/planner_msgs/msg/_PlanningMode.py, /home/slam01/dronw_ws/MAV_competition_mavros_ws/devel/lib/python2.7/dist-packages/planner_msgs/msg/_PlanningMode.py)
Linked: (/home/slam01/dronw_ws/MAV_competition_mavros_ws/devel/.private/planner_msgs/lib/python2.7/dist-packages/planner_msgs/msg/_RobotStatus.py, /home/slam01/dronw_ws/MAV_competition_mavros_ws/devel/lib/python2.7/dist-packages/planner_msgs/msg/_RobotStatus.py)
