[  0%] Built target _planner_msgs_generate_messages_check_deps_pci_global
[  0%] Built target _planner_msgs_generate_messages_check_deps_pci_homing_trigger
[  0%] Built target _planner_msgs_generate_messages_check_deps_pci_geofence
[  0%] Built target _planner_msgs_generate_messages_check_deps_planner_set_global_bound
[  0%] Built target _planner_msgs_generate_messages_check_deps_ExecutionPathMode
[  0%] Built target _planner_msgs_generate_messages_check_deps_planner_srv
[  0%] Built target _planner_msgs_generate_messages_check_deps_RectangleShape
[  0%] Built target _planner_msgs_generate_messages_check_deps_planner_set_homing_pos
[  0%] Built target _planner_msgs_generate_messages_check_deps_PlanningMode
[  0%] Built target _planner_msgs_generate_messages_check_deps_pci_initialization
[  0%] Built target _planner_msgs_generate_messages_check_deps_PlannerStatus
[  0%] Built target _planner_msgs_generate_messages_check_deps_planner_geofence
[  0%] Built target _planner_msgs_generate_messages_check_deps_RobotStatus
[  0%] Built target _planner_msgs_generate_messages_check_deps_planner_request_path
[  0%] Built target geometry_msgs_generate_messages_eus
[  0%] Built target _planner_msgs_generate_messages_check_deps_pci_stop
[  0%] Built target _planner_msgs_generate_messages_check_deps_TriggerMode
[  0%] Built target actionlib_msgs_generate_messages_eus
[  0%] Built target _planner_msgs_generate_messages_check_deps_PlannerLogger
[  0%] Built target _planner_msgs_generate_messages_check_deps_planner_global
[  0%] Built target _planner_msgs_generate_messages_check_deps_pci_to_waypoint
[  0%] Built target _planner_msgs_generate_messages_check_deps_PlanningBound
[  0%] Built target _planner_msgs_generate_messages_check_deps_BoundMode
[  0%] Built target _planner_msgs_generate_messages_check_deps_planner_set_vel
[  0%] Built target _planner_msgs_generate_messages_check_deps_pci_set_homing_pos
[  0%] Built target _planner_msgs_generate_messages_check_deps_pci_trigger
[  0%] Built target _planner_msgs_generate_messages_check_deps_planner_homing
[  0%] Built target geometry_msgs_generate_messages_py
[  0%] Built target actionlib_msgs_generate_messages_py
[  0%] Built target actionlib_msgs_generate_messages_cpp
[  0%] Built target geometry_msgs_generate_messages_cpp
[  0%] Built target actionlib_msgs_generate_messages_lisp
[  0%] Built target geometry_msgs_generate_messages_lisp
[  0%] Built target actionlib_msgs_generate_messages_nodejs
[  0%] Built target geometry_msgs_generate_messages_nodejs
[ 20%] Built target planner_msgs_generate_messages_eus
[ 41%] Built target planner_msgs_generate_messages_py
[ 61%] Built target planner_msgs_generate_messages_cpp
[ 80%] Built target planner_msgs_generate_messages_lisp
[100%] Built target planner_msgs_generate_messages_nodejs
[100%] Built target planner_msgs_generate_messages
