Determining if the pthread_create exist failed with the following output:
Change Dir: /home/slam01/dronw_ws/MAV_competition_mavros_ws/build/mavros/CMakeFiles/CMakeTmp

Run Build Command:"/usr/bin/make" "cmTC_cba78/fast"
/usr/bin/make -f CMakeFiles/cmTC_cba78.dir/build.make CMakeFiles/cmTC_cba78.dir/build
make[1]: Entering directory '/home/slam01/dronw_ws/MAV_competition_mavros_ws/build/mavros/CMakeFiles/CMakeTmp'
Building C object CMakeFiles/cmTC_cba78.dir/CheckSymbolExists.c.o
/usr/bin/cc    -o CMakeFiles/cmTC_cba78.dir/CheckSymbolExists.c.o   -c /home/slam01/dronw_ws/MAV_competition_mavros_ws/build/mavros/CMakeFiles/CMakeTmp/CheckSymbolExists.c
Linking C executable cmTC_cba78
/usr/bin/cmake -E cmake_link_script CMakeFiles/cmTC_cba78.dir/link.txt --verbose=1
/usr/bin/cc      -rdynamic CMakeFiles/cmTC_cba78.dir/CheckSymbolExists.c.o  -o cmTC_cba78 
CMakeFiles/cmTC_cba78.dir/CheckSymbolExists.c.o: In function `main':
CheckSymbolExists.c:(.text+0x14): undefined reference to `pthread_create'
CheckSymbolExists.c:(.text+0x18): undefined reference to `pthread_create'
collect2: error: ld returned 1 exit status
CMakeFiles/cmTC_cba78.dir/build.make:97: recipe for target 'cmTC_cba78' failed
make[1]: *** [cmTC_cba78] Error 1
make[1]: Leaving directory '/home/slam01/dronw_ws/MAV_competition_mavros_ws/build/mavros/CMakeFiles/CMakeTmp'
Makefile:126: recipe for target 'cmTC_cba78/fast' failed
make: *** [cmTC_cba78/fast] Error 2

File /home/slam01/dronw_ws/MAV_competition_mavros_ws/build/mavros/CMakeFiles/CMakeTmp/CheckSymbolExists.c:
/* */
#include <pthread.h>

int main(int argc, char** argv)
{
  (void)argv;
#ifndef pthread_create
  return ((int*)(&pthread_create))[argc];
#else
  (void)argc;
  return 0;
#endif
}

Determining if the function pthread_create exists in the pthreads failed with the following output:
Change Dir: /home/slam01/dronw_ws/MAV_competition_mavros_ws/build/mavros/CMakeFiles/CMakeTmp

Run Build Command:"/usr/bin/make" "cmTC_52557/fast"
/usr/bin/make -f CMakeFiles/cmTC_52557.dir/build.make CMakeFiles/cmTC_52557.dir/build
make[1]: Entering directory '/home/slam01/dronw_ws/MAV_competition_mavros_ws/build/mavros/CMakeFiles/CMakeTmp'
Building C object CMakeFiles/cmTC_52557.dir/CheckFunctionExists.c.o
/usr/bin/cc   -DCHECK_FUNCTION_EXISTS=pthread_create   -o CMakeFiles/cmTC_52557.dir/CheckFunctionExists.c.o   -c /usr/share/cmake-3.10/Modules/CheckFunctionExists.c
Linking C executable cmTC_52557
/usr/bin/cmake -E cmake_link_script CMakeFiles/cmTC_52557.dir/link.txt --verbose=1
/usr/bin/cc  -DCHECK_FUNCTION_EXISTS=pthread_create    -rdynamic CMakeFiles/cmTC_52557.dir/CheckFunctionExists.c.o  -o cmTC_52557 -lpthreads 
/usr/bin/ld: cannot find -lpthreads
collect2: error: ld returned 1 exit status
CMakeFiles/cmTC_52557.dir/build.make:97: recipe for target 'cmTC_52557' failed
make[1]: *** [cmTC_52557] Error 1
make[1]: Leaving directory '/home/slam01/dronw_ws/MAV_competition_mavros_ws/build/mavros/CMakeFiles/CMakeTmp'
Makefile:126: recipe for target 'cmTC_52557/fast' failed
make: *** [cmTC_52557/fast] Error 2


