Determining if the pthread_create exist failed with the following output:
Change Dir: /home/slam01/dronw_ws/MAV_competition_mavros_ws/build/mav_state_machine_msgs/CMakeFiles/CMakeTmp

Run Build Command:"/usr/bin/make" "cmTC_609c8/fast"
/usr/bin/make -f CMakeFiles/cmTC_609c8.dir/build.make CMakeFiles/cmTC_609c8.dir/build
make[1]: Entering directory '/home/slam01/dronw_ws/MAV_competition_mavros_ws/build/mav_state_machine_msgs/CMakeFiles/CMakeTmp'
Building C object CMakeFiles/cmTC_609c8.dir/CheckSymbolExists.c.o
/usr/bin/cc    -o CMakeFiles/cmTC_609c8.dir/CheckSymbolExists.c.o   -c /home/slam01/dronw_ws/MAV_competition_mavros_ws/build/mav_state_machine_msgs/CMakeFiles/CMakeTmp/CheckSymbolExists.c
Linking C executable cmTC_609c8
/usr/bin/cmake -E cmake_link_script CMakeFiles/cmTC_609c8.dir/link.txt --verbose=1
/usr/bin/cc      -rdynamic CMakeFiles/cmTC_609c8.dir/CheckSymbolExists.c.o  -o cmTC_609c8 
CMakeFiles/cmTC_609c8.dir/CheckSymbolExists.c.o: In function `main':
CheckSymbolExists.c:(.text+0x14): undefined reference to `pthread_create'
CheckSymbolExists.c:(.text+0x18): undefined reference to `pthread_create'
collect2: error: ld returned 1 exit status
CMakeFiles/cmTC_609c8.dir/build.make:97: recipe for target 'cmTC_609c8' failed
make[1]: *** [cmTC_609c8] Error 1
make[1]: Leaving directory '/home/slam01/dronw_ws/MAV_competition_mavros_ws/build/mav_state_machine_msgs/CMakeFiles/CMakeTmp'
Makefile:126: recipe for target 'cmTC_609c8/fast' failed
make: *** [cmTC_609c8/fast] Error 2

File /home/slam01/dronw_ws/MAV_competition_mavros_ws/build/mav_state_machine_msgs/CMakeFiles/CMakeTmp/CheckSymbolExists.c:
/* */
#include <pthread.h>

int main(int argc, char** argv)
{
  (void)argv;
#ifndef pthread_create
  return ((int*)(&pthread_create))[argc];
#else
  (void)argc;
  return 0;
#endif
}

Determining if the function pthread_create exists in the pthreads failed with the following output:
Change Dir: /home/slam01/dronw_ws/MAV_competition_mavros_ws/build/mav_state_machine_msgs/CMakeFiles/CMakeTmp

Run Build Command:"/usr/bin/make" "cmTC_91388/fast"
/usr/bin/make -f CMakeFiles/cmTC_91388.dir/build.make CMakeFiles/cmTC_91388.dir/build
make[1]: Entering directory '/home/slam01/dronw_ws/MAV_competition_mavros_ws/build/mav_state_machine_msgs/CMakeFiles/CMakeTmp'
Building C object CMakeFiles/cmTC_91388.dir/CheckFunctionExists.c.o
/usr/bin/cc   -DCHECK_FUNCTION_EXISTS=pthread_create   -o CMakeFiles/cmTC_91388.dir/CheckFunctionExists.c.o   -c /usr/share/cmake-3.10/Modules/CheckFunctionExists.c
Linking C executable cmTC_91388
/usr/bin/cmake -E cmake_link_script CMakeFiles/cmTC_91388.dir/link.txt --verbose=1
/usr/bin/cc  -DCHECK_FUNCTION_EXISTS=pthread_create    -rdynamic CMakeFiles/cmTC_91388.dir/CheckFunctionExists.c.o  -o cmTC_91388 -lpthreads 
/usr/bin/ld: cannot find -lpthreads
collect2: error: ld returned 1 exit status
CMakeFiles/cmTC_91388.dir/build.make:97: recipe for target 'cmTC_91388' failed
make[1]: *** [cmTC_91388] Error 1
make[1]: Leaving directory '/home/slam01/dronw_ws/MAV_competition_mavros_ws/build/mav_state_machine_msgs/CMakeFiles/CMakeTmp'
Makefile:126: recipe for target 'cmTC_91388/fast' failed
make: *** [cmTC_91388/fast] Error 2


