Determining if the pthread_create exist failed with the following output:
Change Dir: /home/hojin/drone_ws2/mavros_ws/build/planner_msgs/CMakeFiles/CMakeTmp

Run Build Command:"/usr/bin/make" "cmTC_9c643/fast"
/usr/bin/make -f CMakeFiles/cmTC_9c643.dir/build.make CMakeFiles/cmTC_9c643.dir/build
make[1]: Entering directory '/home/hojin/drone_ws2/mavros_ws/build/planner_msgs/CMakeFiles/CMakeTmp'
Building C object CMakeFiles/cmTC_9c643.dir/CheckSymbolExists.c.o
/usr/bin/cc    -o CMakeFiles/cmTC_9c643.dir/CheckSymbolExists.c.o   -c /home/hojin/drone_ws2/mavros_ws/build/planner_msgs/CMakeFiles/CMakeTmp/CheckSymbolExists.c
Linking C executable cmTC_9c643
/usr/bin/cmake -E cmake_link_script CMakeFiles/cmTC_9c643.dir/link.txt --verbose=1
/usr/bin/cc      -rdynamic CMakeFiles/cmTC_9c643.dir/CheckSymbolExists.c.o  -o cmTC_9c643 
CMakeFiles/cmTC_9c643.dir/CheckSymbolExists.c.o: In function `main':
CheckSymbolExists.c:(.text+0x1b): undefined reference to `pthread_create'
collect2: error: ld returned 1 exit status
CMakeFiles/cmTC_9c643.dir/build.make:97: recipe for target 'cmTC_9c643' failed
make[1]: *** [cmTC_9c643] Error 1
make[1]: Leaving directory '/home/hojin/drone_ws2/mavros_ws/build/planner_msgs/CMakeFiles/CMakeTmp'
Makefile:126: recipe for target 'cmTC_9c643/fast' failed
make: *** [cmTC_9c643/fast] Error 2

File /home/hojin/drone_ws2/mavros_ws/build/planner_msgs/CMakeFiles/CMakeTmp/CheckSymbolExists.c:
/* */
#include <pthread.h>

int main(int argc, char** argv)
{
  (void)argv;
#ifndef pthread_create
  return ((int*)(&pthread_create))[argc];
#else
  (void)argc;
  return 0;
#endif
}

Determining if the function pthread_create exists in the pthreads failed with the following output:
Change Dir: /home/hojin/drone_ws2/mavros_ws/build/planner_msgs/CMakeFiles/CMakeTmp

Run Build Command:"/usr/bin/make" "cmTC_ae661/fast"
/usr/bin/make -f CMakeFiles/cmTC_ae661.dir/build.make CMakeFiles/cmTC_ae661.dir/build
make[1]: Entering directory '/home/hojin/drone_ws2/mavros_ws/build/planner_msgs/CMakeFiles/CMakeTmp'
Building C object CMakeFiles/cmTC_ae661.dir/CheckFunctionExists.c.o
/usr/bin/cc   -DCHECK_FUNCTION_EXISTS=pthread_create   -o CMakeFiles/cmTC_ae661.dir/CheckFunctionExists.c.o   -c /usr/share/cmake-3.10/Modules/CheckFunctionExists.c
Linking C executable cmTC_ae661
/usr/bin/cmake -E cmake_link_script CMakeFiles/cmTC_ae661.dir/link.txt --verbose=1
/usr/bin/cc  -DCHECK_FUNCTION_EXISTS=pthread_create    -rdynamic CMakeFiles/cmTC_ae661.dir/CheckFunctionExists.c.o  -o cmTC_ae661 -lpthreads 
/usr/bin/ld: cannot find -lpthreads
collect2: error: ld returned 1 exit status
CMakeFiles/cmTC_ae661.dir/build.make:97: recipe for target 'cmTC_ae661' failed
make[1]: *** [cmTC_ae661] Error 1
make[1]: Leaving directory '/home/hojin/drone_ws2/mavros_ws/build/planner_msgs/CMakeFiles/CMakeTmp'
Makefile:126: recipe for target 'cmTC_ae661/fast' failed
make: *** [cmTC_ae661/fast] Error 2


