Determining if the pthread_create exist failed with the following output:
Change Dir: /home/slam01/dronw_ws/MAV_competition_mavros_ws/build/offboard_ctrl/CMakeFiles/CMakeTmp

Run Build Command:"/usr/bin/make" "cmTC_d26bd/fast"
/usr/bin/make -f CMakeFiles/cmTC_d26bd.dir/build.make CMakeFiles/cmTC_d26bd.dir/build
make[1]: Entering directory '/home/slam01/dronw_ws/MAV_competition_mavros_ws/build/offboard_ctrl/CMakeFiles/CMakeTmp'
Building C object CMakeFiles/cmTC_d26bd.dir/CheckSymbolExists.c.o
/usr/bin/cc    -o CMakeFiles/cmTC_d26bd.dir/CheckSymbolExists.c.o   -c /home/slam01/dronw_ws/MAV_competition_mavros_ws/build/offboard_ctrl/CMakeFiles/CMakeTmp/CheckSymbolExists.c
Linking C executable cmTC_d26bd
/usr/bin/cmake -E cmake_link_script CMakeFiles/cmTC_d26bd.dir/link.txt --verbose=1
/usr/bin/cc      -rdynamic CMakeFiles/cmTC_d26bd.dir/CheckSymbolExists.c.o  -o cmTC_d26bd 
CMakeFiles/cmTC_d26bd.dir/CheckSymbolExists.c.o: In function `main':
CheckSymbolExists.c:(.text+0x14): undefined reference to `pthread_create'
CheckSymbolExists.c:(.text+0x18): undefined reference to `pthread_create'
collect2: error: ld returned 1 exit status
CMakeFiles/cmTC_d26bd.dir/build.make:97: recipe for target 'cmTC_d26bd' failed
make[1]: *** [cmTC_d26bd] Error 1
make[1]: Leaving directory '/home/slam01/dronw_ws/MAV_competition_mavros_ws/build/offboard_ctrl/CMakeFiles/CMakeTmp'
Makefile:126: recipe for target 'cmTC_d26bd/fast' failed
make: *** [cmTC_d26bd/fast] Error 2

File /home/slam01/dronw_ws/MAV_competition_mavros_ws/build/offboard_ctrl/CMakeFiles/CMakeTmp/CheckSymbolExists.c:
/* */
#include <pthread.h>

int main(int argc, char** argv)
{
  (void)argv;
#ifndef pthread_create
  return ((int*)(&pthread_create))[argc];
#else
  (void)argc;
  return 0;
#endif
}

Determining if the function pthread_create exists in the pthreads failed with the following output:
Change Dir: /home/slam01/dronw_ws/MAV_competition_mavros_ws/build/offboard_ctrl/CMakeFiles/CMakeTmp

Run Build Command:"/usr/bin/make" "cmTC_036e2/fast"
/usr/bin/make -f CMakeFiles/cmTC_036e2.dir/build.make CMakeFiles/cmTC_036e2.dir/build
make[1]: Entering directory '/home/slam01/dronw_ws/MAV_competition_mavros_ws/build/offboard_ctrl/CMakeFiles/CMakeTmp'
Building C object CMakeFiles/cmTC_036e2.dir/CheckFunctionExists.c.o
/usr/bin/cc   -DCHECK_FUNCTION_EXISTS=pthread_create   -o CMakeFiles/cmTC_036e2.dir/CheckFunctionExists.c.o   -c /usr/share/cmake-3.10/Modules/CheckFunctionExists.c
Linking C executable cmTC_036e2
/usr/bin/cmake -E cmake_link_script CMakeFiles/cmTC_036e2.dir/link.txt --verbose=1
/usr/bin/cc  -DCHECK_FUNCTION_EXISTS=pthread_create    -rdynamic CMakeFiles/cmTC_036e2.dir/CheckFunctionExists.c.o  -o cmTC_036e2 -lpthreads 
/usr/bin/ld: cannot find -lpthreads
collect2: error: ld returned 1 exit status
CMakeFiles/cmTC_036e2.dir/build.make:97: recipe for target 'cmTC_036e2' failed
make[1]: *** [cmTC_036e2] Error 1
make[1]: Leaving directory '/home/slam01/dronw_ws/MAV_competition_mavros_ws/build/offboard_ctrl/CMakeFiles/CMakeTmp'
Makefile:126: recipe for target 'cmTC_036e2/fast' failed
make: *** [cmTC_036e2/fast] Error 2


